<?xml version="1.0" encoding="UTF-8"?>
<robot generator="Robot 6.0.2 (Python 3.10.6 on linux)" generated="20230717 14:39:30.188" rpa="false" schemaversion="3">
<suite id="s1" name="Tourguide" source="/home/ikmal/Desktop/DRCautomation/tourguide.robot">
<test id="s1-t1" name="Tour Guide" line="118">
<kw name="Go To Website">
<kw name="Open Browser" library="SeleniumLibrary">
<arg>https://crypthub-app.vercel.app/</arg>
<arg>chrome</arg>
<doc>Opens a new browser instance to the optional ``url``.</doc>
<msg timestamp="20230717 14:39:30.289" level="INFO">Opening browser 'chrome' to base url 'https://crypthub-app.vercel.app/'.</msg>
<status status="PASS" starttime="20230717 14:39:30.288" endtime="20230717 14:39:32.291"/>
</kw>
<kw name="Set Window Size" library="SeleniumLibrary">
<arg>1280</arg>
<arg>1024</arg>
<doc>Sets current windows size to given ``width`` and ``height``.</doc>
<status status="PASS" starttime="20230717 14:39:32.291" endtime="20230717 14:39:32.406"/>
</kw>
<status status="PASS" starttime="20230717 14:39:30.288" endtime="20230717 14:39:32.407"/>
</kw>
<kw name="Login with first password">
<kw name="Wait Until Page Contains Element" library="SeleniumLibrary">
<arg>${logo}</arg>
<doc>Waits until the element ``locator`` appears on the current page.</doc>
<status status="PASS" starttime="20230717 14:39:32.407" endtime="20230717 14:39:32.421"/>
</kw>
<kw name="Wait Until Element Is Visible" library="SeleniumLibrary">
<arg>${logo}</arg>
<doc>Waits until the element ``locator`` is visible.</doc>
<status status="PASS" starttime="20230717 14:39:32.422" endtime="20230717 14:39:32.442"/>
</kw>
<kw name="Click Element" library="SeleniumLibrary">
<arg>${login}</arg>
<doc>Click the element identified by ``locator``.</doc>
<msg timestamp="20230717 14:39:32.442" level="INFO">Clicking element '//*[@class="nav-end"]/button'.</msg>
<status status="PASS" starttime="20230717 14:39:32.442" endtime="20230717 14:39:32.522"/>
</kw>
<kw name="Wait Until Element Is Visible" library="SeleniumLibrary">
<arg>${login_popup}</arg>
<doc>Waits until the element ``locator`` is visible.</doc>
<status status="PASS" starttime="20230717 14:39:32.522" endtime="20230717 14:39:32.559"/>
</kw>
<kw name="Input Text" library="SeleniumLibrary">
<arg>${login_email}</arg>
<arg>ikmal@besquare.com.my</arg>
<doc>Types the given ``text`` into the text field identified by ``locator``.</doc>
<msg timestamp="20230717 14:39:32.560" level="INFO">Typing text 'ikmal@besquare.com.my' into text field '//*[@name="email"]'.</msg>
<status status="PASS" starttime="20230717 14:39:32.559" endtime="20230717 14:39:32.698"/>
</kw>
<kw name="Input Password" library="SeleniumLibrary">
<arg>${login_password}</arg>
<arg>Ikmal12!</arg>
<doc>Types the given password into the text field identified by ``locator``.</doc>
<msg timestamp="20230717 14:39:32.699" level="INFO">Typing password into text field '//*[@name="password"]'.</msg>
<msg timestamp="20230717 14:39:32.727" level="INFO">Temporally setting log level to: NONE</msg>
<msg timestamp="20230717 14:39:32.794" level="INFO">Log level changed from NONE to INFO.</msg>
<status status="PASS" starttime="20230717 14:39:32.698" endtime="20230717 14:39:32.794"/>
</kw>
<kw name="Click Element" library="SeleniumLibrary">
<arg>${login_button}</arg>
<doc>Click the element identified by ``locator``.</doc>
<msg timestamp="20230717 14:39:32.796" level="INFO">Clicking element '//*[@class="mt-10 form"]/button'.</msg>
<status status="PASS" starttime="20230717 14:39:32.795" endtime="20230717 14:39:32.871"/>
</kw>
<kw name="Wait Until Element Is Visible" library="SeleniumLibrary">
<arg>${successful_login}</arg>
<doc>Waits until the element ``locator`` is visible.</doc>
<status status="PASS" starttime="20230717 14:39:32.871" endtime="20230717 14:39:33.793"/>
</kw>
<status status="PASS" starttime="20230717 14:39:32.407" endtime="20230717 14:39:33.793"/>
</kw>
<kw name="Wait Until Page Contains Element" library="SeleniumLibrary">
<arg>${next_tour}</arg>
<doc>Waits until the element ``locator`` appears on the current page.</doc>
<status status="PASS" starttime="20230717 14:39:33.794" endtime="20230717 14:39:33.804"/>
</kw>
<kw name="Click Element" library="SeleniumLibrary">
<arg>${next_tour}</arg>
<doc>Click the element identified by ``locator``.</doc>
<msg timestamp="20230717 14:39:33.806" level="INFO">Clicking element '//button[text()="Yes"]'.</msg>
<status status="PASS" starttime="20230717 14:39:33.805" endtime="20230717 14:39:33.871"/>
</kw>
<kw name="Sleep" library="BuiltIn">
<arg>1</arg>
<doc>Pauses the test executed for the given time.</doc>
<msg timestamp="20230717 14:39:34.873" level="INFO">Slept 1 second</msg>
<status status="PASS" starttime="20230717 14:39:33.872" endtime="20230717 14:39:34.873"/>
</kw>
<kw name="Wait Until Element Is Enabled" library="SeleniumLibrary">
<arg>${next}</arg>
<doc>Waits until the element ``locator`` is enabled.</doc>
<status status="PASS" starttime="20230717 14:39:34.874" endtime="20230717 14:39:34.952"/>
</kw>
<kw name="Click Element" library="SeleniumLibrary">
<arg>${next}</arg>
<doc>Click the element identified by ``locator``.</doc>
<msg timestamp="20230717 14:39:34.955" level="INFO">Clicking element '//a[text()="Next"]'.</msg>
<status status="PASS" starttime="20230717 14:39:34.953" endtime="20230717 14:39:35.006"/>
</kw>
<kw name="Sleep" library="BuiltIn">
<arg>1</arg>
<doc>Pauses the test executed for the given time.</doc>
<msg timestamp="20230717 14:39:36.007" level="INFO">Slept 1 second</msg>
<status status="PASS" starttime="20230717 14:39:35.006" endtime="20230717 14:39:36.007"/>
</kw>
<kw name="Wait Until Element Is Enabled" library="SeleniumLibrary">
<arg>${next}</arg>
<doc>Waits until the element ``locator`` is enabled.</doc>
<status status="PASS" starttime="20230717 14:39:36.008" endtime="20230717 14:39:36.053"/>
</kw>
<kw name="Click Element" library="SeleniumLibrary">
<arg>${next}</arg>
<doc>Click the element identified by ``locator``.</doc>
<msg timestamp="20230717 14:39:36.055" level="INFO">Clicking element '//a[text()="Next"]'.</msg>
<status status="PASS" starttime="20230717 14:39:36.054" endtime="20230717 14:39:36.106"/>
</kw>
<kw name="Sleep" library="BuiltIn">
<arg>1</arg>
<doc>Pauses the test executed for the given time.</doc>
<msg timestamp="20230717 14:39:37.108" level="INFO">Slept 1 second</msg>
<status status="PASS" starttime="20230717 14:39:36.107" endtime="20230717 14:39:37.109"/>
</kw>
<kw name="Wait Until Element Is Enabled" library="SeleniumLibrary">
<arg>${next}</arg>
<doc>Waits until the element ``locator`` is enabled.</doc>
<status status="PASS" starttime="20230717 14:39:37.110" endtime="20230717 14:39:37.137"/>
</kw>
<kw name="Click Element" library="SeleniumLibrary">
<arg>${next}</arg>
<doc>Click the element identified by ``locator``.</doc>
<msg timestamp="20230717 14:39:37.138" level="INFO">Clicking element '//a[text()="Next"]'.</msg>
<status status="PASS" starttime="20230717 14:39:37.137" endtime="20230717 14:39:37.168"/>
</kw>
<kw name="Sleep" library="BuiltIn">
<arg>1</arg>
<doc>Pauses the test executed for the given time.</doc>
<msg timestamp="20230717 14:39:38.170" level="INFO">Slept 1 second</msg>
<status status="PASS" starttime="20230717 14:39:37.169" endtime="20230717 14:39:38.170"/>
</kw>
<kw name="Wait Until Element Is Enabled" library="SeleniumLibrary">
<arg>${next}</arg>
<doc>Waits until the element ``locator`` is enabled.</doc>
<status status="PASS" starttime="20230717 14:39:38.171" endtime="20230717 14:39:38.215"/>
</kw>
<kw name="Click Element" library="SeleniumLibrary">
<arg>${next}</arg>
<doc>Click the element identified by ``locator``.</doc>
<msg timestamp="20230717 14:39:38.218" level="INFO">Clicking element '//a[text()="Next"]'.</msg>
<status status="PASS" starttime="20230717 14:39:38.216" endtime="20230717 14:39:38.255"/>
</kw>
<kw name="Sleep" library="BuiltIn">
<arg>1</arg>
<doc>Pauses the test executed for the given time.</doc>
<msg timestamp="20230717 14:39:39.256" level="INFO">Slept 1 second</msg>
<status status="PASS" starttime="20230717 14:39:38.255" endtime="20230717 14:39:39.257"/>
</kw>
<kw name="Wait Until Element Is Enabled" library="SeleniumLibrary">
<arg>${next}</arg>
<doc>Waits until the element ``locator`` is enabled.</doc>
<status status="PASS" starttime="20230717 14:39:39.259" endtime="20230717 14:39:39.305"/>
</kw>
<kw name="Click Element" library="SeleniumLibrary">
<arg>${next}</arg>
<doc>Click the element identified by ``locator``.</doc>
<msg timestamp="20230717 14:39:39.307" level="INFO">Clicking element '//a[text()="Next"]'.</msg>
<status status="PASS" starttime="20230717 14:39:39.305" endtime="20230717 14:39:39.372"/>
</kw>
<kw name="Sleep" library="BuiltIn">
<arg>1</arg>
<doc>Pauses the test executed for the given time.</doc>
<msg timestamp="20230717 14:39:40.377" level="INFO">Slept 1 second</msg>
<status status="PASS" starttime="20230717 14:39:39.375" endtime="20230717 14:39:40.377"/>
</kw>
<kw name="Wait Until Element Is Enabled" library="SeleniumLibrary">
<arg>${next}</arg>
<doc>Waits until the element ``locator`` is enabled.</doc>
<status status="PASS" starttime="20230717 14:39:40.378" endtime="20230717 14:39:40.404"/>
</kw>
<kw name="Click Element" library="SeleniumLibrary">
<arg>${next}</arg>
<doc>Click the element identified by ``locator``.</doc>
<msg timestamp="20230717 14:39:40.406" level="INFO">Clicking element '//a[text()="Next"]'.</msg>
<status status="PASS" starttime="20230717 14:39:40.405" endtime="20230717 14:39:40.437"/>
</kw>
<kw name="Sleep" library="BuiltIn">
<arg>1</arg>
<doc>Pauses the test executed for the given time.</doc>
<msg timestamp="20230717 14:39:41.438" level="INFO">Slept 1 second</msg>
<status status="PASS" starttime="20230717 14:39:40.437" endtime="20230717 14:39:41.439"/>
</kw>
<kw name="Wait Until Element Is Enabled" library="SeleniumLibrary">
<arg>${done}</arg>
<doc>Waits until the element ``locator`` is enabled.</doc>
<status status="PASS" starttime="20230717 14:39:41.440" endtime="20230717 14:39:41.477"/>
</kw>
<kw name="Click Element" library="SeleniumLibrary">
<arg>${done}</arg>
<doc>Click the element identified by ``locator``.</doc>
<msg timestamp="20230717 14:39:41.481" level="INFO">Clicking element '//a[text()="Done"]'.</msg>
<status status="PASS" starttime="20230717 14:39:41.478" endtime="20230717 14:39:41.579"/>
</kw>
<kw name="Sleep" library="BuiltIn">
<arg>1</arg>
<doc>Pauses the test executed for the given time.</doc>
<msg timestamp="20230717 14:39:42.581" level="INFO">Slept 1 second</msg>
<status status="PASS" starttime="20230717 14:39:41.580" endtime="20230717 14:39:42.582"/>
</kw>
<kw name="Wait Until Element Is Enabled" library="SeleniumLibrary">
<arg>${next}</arg>
<doc>Waits until the element ``locator`` is enabled.</doc>
<status status="PASS" starttime="20230717 14:39:42.582" endtime="20230717 14:39:42.614"/>
</kw>
<kw name="Click Element" library="SeleniumLibrary">
<arg>${next}</arg>
<doc>Click the element identified by ``locator``.</doc>
<msg timestamp="20230717 14:39:42.615" level="INFO">Clicking element '//a[text()="Next"]'.</msg>
<status status="PASS" starttime="20230717 14:39:42.615" endtime="20230717 14:39:42.651"/>
</kw>
<kw name="Sleep" library="BuiltIn">
<arg>1</arg>
<doc>Pauses the test executed for the given time.</doc>
<msg timestamp="20230717 14:39:43.654" level="INFO">Slept 1 second</msg>
<status status="PASS" starttime="20230717 14:39:42.652" endtime="20230717 14:39:43.654"/>
</kw>
<kw name="Wait Until Element Is Enabled" library="SeleniumLibrary">
<arg>${next}</arg>
<doc>Waits until the element ``locator`` is enabled.</doc>
<status status="PASS" starttime="20230717 14:39:43.655" endtime="20230717 14:39:43.682"/>
</kw>
<kw name="Click Element" library="SeleniumLibrary">
<arg>${next}</arg>
<doc>Click the element identified by ``locator``.</doc>
<msg timestamp="20230717 14:39:43.683" level="INFO">Clicking element '//a[text()="Next"]'.</msg>
<status status="PASS" starttime="20230717 14:39:43.683" endtime="20230717 14:39:43.712"/>
</kw>
<kw name="Sleep" library="BuiltIn">
<arg>1</arg>
<doc>Pauses the test executed for the given time.</doc>
<msg timestamp="20230717 14:39:44.713" level="INFO">Slept 1 second</msg>
<status status="PASS" starttime="20230717 14:39:43.713" endtime="20230717 14:39:44.714"/>
</kw>
<kw name="Wait Until Element Is Enabled" library="SeleniumLibrary">
<arg>${next}</arg>
<doc>Waits until the element ``locator`` is enabled.</doc>
<status status="PASS" starttime="20230717 14:39:44.715" endtime="20230717 14:39:44.737"/>
</kw>
<kw name="Click Element" library="SeleniumLibrary">
<arg>${next}</arg>
<doc>Click the element identified by ``locator``.</doc>
<msg timestamp="20230717 14:39:44.738" level="INFO">Clicking element '//a[text()="Next"]'.</msg>
<status status="PASS" starttime="20230717 14:39:44.737" endtime="20230717 14:39:44.771"/>
</kw>
<kw name="Sleep" library="BuiltIn">
<arg>1</arg>
<doc>Pauses the test executed for the given time.</doc>
<msg timestamp="20230717 14:39:45.772" level="INFO">Slept 1 second</msg>
<status status="PASS" starttime="20230717 14:39:44.771" endtime="20230717 14:39:45.773"/>
</kw>
<kw name="Wait Until Element Is Enabled" library="SeleniumLibrary">
<arg>${done}</arg>
<doc>Waits until the element ``locator`` is enabled.</doc>
<status status="PASS" starttime="20230717 14:39:45.774" endtime="20230717 14:39:45.797"/>
</kw>
<kw name="Click Element" library="SeleniumLibrary">
<arg>${done}</arg>
<doc>Click the element identified by ``locator``.</doc>
<msg timestamp="20230717 14:39:45.798" level="INFO">Clicking element '//a[text()="Done"]'.</msg>
<status status="PASS" starttime="20230717 14:39:45.797" endtime="20230717 14:39:45.856"/>
</kw>
<kw name="Sleep" library="BuiltIn">
<arg>1</arg>
<doc>Pauses the test executed for the given time.</doc>
<msg timestamp="20230717 14:39:46.857" level="INFO">Slept 1 second</msg>
<status status="PASS" starttime="20230717 14:39:45.857" endtime="20230717 14:39:46.858"/>
</kw>
<kw name="Wait Until Element Is Enabled" library="SeleniumLibrary">
<arg>${next}</arg>
<doc>Waits until the element ``locator`` is enabled.</doc>
<status status="PASS" starttime="20230717 14:39:46.859" endtime="20230717 14:39:46.919"/>
</kw>
<kw name="Click Element" library="SeleniumLibrary">
<arg>${next}</arg>
<doc>Click the element identified by ``locator``.</doc>
<msg timestamp="20230717 14:39:46.923" level="INFO">Clicking element '//a[text()="Next"]'.</msg>
<status status="PASS" starttime="20230717 14:39:46.920" endtime="20230717 14:39:46.995"/>
</kw>
<kw name="Sleep" library="BuiltIn">
<arg>1</arg>
<doc>Pauses the test executed for the given time.</doc>
<msg timestamp="20230717 14:39:47.996" level="INFO">Slept 1 second</msg>
<status status="PASS" starttime="20230717 14:39:46.996" endtime="20230717 14:39:47.996"/>
</kw>
<kw name="Wait Until Element Is Enabled" library="SeleniumLibrary">
<arg>${next}</arg>
<doc>Waits until the element ``locator`` is enabled.</doc>
<status status="PASS" starttime="20230717 14:39:47.997" endtime="20230717 14:39:48.017"/>
</kw>
<kw name="Click Element" library="SeleniumLibrary">
<arg>${next}</arg>
<doc>Click the element identified by ``locator``.</doc>
<msg timestamp="20230717 14:39:48.019" level="INFO">Clicking element '//a[text()="Next"]'.</msg>
<status status="PASS" starttime="20230717 14:39:48.018" endtime="20230717 14:39:48.046"/>
</kw>
<kw name="Sleep" library="BuiltIn">
<arg>1</arg>
<doc>Pauses the test executed for the given time.</doc>
<msg timestamp="20230717 14:39:49.047" level="INFO">Slept 1 second</msg>
<status status="PASS" starttime="20230717 14:39:48.046" endtime="20230717 14:39:49.047"/>
</kw>
<kw name="Wait Until Element Is Enabled" library="SeleniumLibrary">
<arg>${next}</arg>
<doc>Waits until the element ``locator`` is enabled.</doc>
<status status="PASS" starttime="20230717 14:39:49.049" endtime="20230717 14:39:49.084"/>
</kw>
<kw name="Click Element" library="SeleniumLibrary">
<arg>${next}</arg>
<doc>Click the element identified by ``locator``.</doc>
<msg timestamp="20230717 14:39:49.086" level="INFO">Clicking element '//a[text()="Next"]'.</msg>
<status status="PASS" starttime="20230717 14:39:49.084" endtime="20230717 14:39:49.123"/>
</kw>
<kw name="Sleep" library="BuiltIn">
<arg>1</arg>
<doc>Pauses the test executed for the given time.</doc>
<msg timestamp="20230717 14:39:50.124" level="INFO">Slept 1 second</msg>
<status status="PASS" starttime="20230717 14:39:49.124" endtime="20230717 14:39:50.125"/>
</kw>
<kw name="Wait Until Element Is Enabled" library="SeleniumLibrary">
<arg>${done}</arg>
<doc>Waits until the element ``locator`` is enabled.</doc>
<status status="PASS" starttime="20230717 14:39:50.126" endtime="20230717 14:39:50.155"/>
</kw>
<kw name="Click Element" library="SeleniumLibrary">
<arg>${done}</arg>
<doc>Click the element identified by ``locator``.</doc>
<msg timestamp="20230717 14:39:50.156" level="INFO">Clicking element '//a[text()="Done"]'.</msg>
<status status="PASS" starttime="20230717 14:39:50.155" endtime="20230717 14:39:50.195"/>
</kw>
<kw name="Sleep" library="BuiltIn">
<arg>1</arg>
<doc>Pauses the test executed for the given time.</doc>
<msg timestamp="20230717 14:39:51.196" level="INFO">Slept 1 second</msg>
<status status="PASS" starttime="20230717 14:39:50.195" endtime="20230717 14:39:51.197"/>
</kw>
<status status="PASS" starttime="20230717 14:39:30.287" endtime="20230717 14:39:51.198"/>
</test>
<doc>homepage</doc>
<status status="PASS" starttime="20230717 14:39:30.190" endtime="20230717 14:39:51.201"/>
</suite>
<statistics>
<total>
<stat pass="1" fail="0" skip="0">All Tests</stat>
</total>
<tag>
</tag>
<suite>
<stat pass="1" fail="0" skip="0" id="s1" name="Tourguide">Tourguide</stat>
</suite>
</statistics>
<errors>
</errors>
</robot>
