<?xml version="1.0" encoding="UTF-8"?>
<robot generator="Robot 6.0.2 (Python 3.10.6 on linux)" generated="20230717 17:16:59.889" rpa="false" schemaversion="3">
<suite id="s1" name="P2P" source="/home/ikmal/Desktop/DRCautomation/p2p.robot">
<test id="s1-t1" name="Navigate To Website" line="38">
<kw name="Open Browser" library="SeleniumLibrary">
<arg>https://crypthub-app.vercel.app/</arg>
<arg>chrome</arg>
<doc>Opens a new browser instance to the optional ``url``.</doc>
<msg timestamp="20230717 17:16:59.971" level="INFO">Opening browser 'chrome' to base url 'https://crypthub-app.vercel.app/'.</msg>
<status status="PASS" starttime="20230717 17:16:59.971" endtime="20230717 17:17:01.508"/>
</kw>
<kw name="Set Window Size" library="SeleniumLibrary">
<arg>1280</arg>
<arg>1024</arg>
<doc>Sets current windows size to given ``width`` and ``height``.</doc>
<status status="PASS" starttime="20230717 17:17:01.508" endtime="20230717 17:17:01.618"/>
</kw>
<status status="PASS" starttime="20230717 17:16:59.970" endtime="20230717 17:17:01.618"/>
</test>
<test id="s1-t2" name="Login" line="43">
<kw name="Wait Until Page Contains Element" library="SeleniumLibrary">
<arg>${logo}</arg>
<doc>Waits until the element ``locator`` appears on the current page.</doc>
<status status="PASS" starttime="20230717 17:17:01.619" endtime="20230717 17:17:01.634"/>
</kw>
<kw name="Wait Until Element Is Visible" library="SeleniumLibrary">
<arg>${logo}</arg>
<doc>Waits until the element ``locator`` is visible.</doc>
<status status="PASS" starttime="20230717 17:17:01.634" endtime="20230717 17:17:01.653"/>
</kw>
<kw name="Click Element" library="SeleniumLibrary">
<arg>${login}</arg>
<doc>Click the element identified by ``locator``.</doc>
<msg timestamp="20230717 17:17:01.654" level="INFO">Clicking element '//*[@class="nav-end"]/button'.</msg>
<status status="PASS" starttime="20230717 17:17:01.654" endtime="20230717 17:17:01.743"/>
</kw>
<kw name="Wait Until Element Is Visible" library="SeleniumLibrary">
<arg>${login_popup}</arg>
<doc>Waits until the element ``locator`` is visible.</doc>
<status status="PASS" starttime="20230717 17:17:01.744" endtime="20230717 17:17:01.770"/>
</kw>
<kw name="Input Text" library="SeleniumLibrary">
<arg>${login_email}</arg>
<arg>farhana@besquare.com.my</arg>
<doc>Types the given ``text`` into the text field identified by ``locator``.</doc>
<msg timestamp="20230717 17:17:01.770" level="INFO">Typing text 'farhana@besquare.com.my' into text field '//*[@class="wrapper"]/div/div/div[2]/form/div/div/div/input'.</msg>
<status status="PASS" starttime="20230717 17:17:01.770" endtime="20230717 17:17:01.893"/>
</kw>
<kw name="Input Password" library="SeleniumLibrary">
<arg>${login_password}</arg>
<arg>Test1234@</arg>
<doc>Types the given password into the text field identified by ``locator``.</doc>
<msg timestamp="20230717 17:17:01.896" level="INFO">Typing password into text field '//*[@class="wrapper"]/div/div/div[2]/form/div[2]/div/div/input'.</msg>
<msg timestamp="20230717 17:17:01.935" level="INFO">Temporally setting log level to: NONE</msg>
<msg timestamp="20230717 17:17:01.985" level="INFO">Log level changed from NONE to INFO.</msg>
<status status="PASS" starttime="20230717 17:17:01.893" endtime="20230717 17:17:01.985"/>
</kw>
<kw name="Click Element" library="SeleniumLibrary">
<arg>${login_button}</arg>
<doc>Click the element identified by ``locator``.</doc>
<msg timestamp="20230717 17:17:01.986" level="INFO">Clicking element '//*[@class="wrapper"]/div/div/div[2]/form/button'.</msg>
<status status="PASS" starttime="20230717 17:17:01.985" endtime="20230717 17:17:02.053"/>
</kw>
<status status="PASS" starttime="20230717 17:17:01.619" endtime="20230717 17:17:02.054"/>
</test>
<test id="s1-t3" name="Navigate to P2P Page" line="53">
<kw name="Page Should Contain" library="SeleniumLibrary">
<arg>P2P Trader</arg>
<doc>Verifies that current page contains ``text``.</doc>
<msg timestamp="20230717 17:17:02.070" level="INFO">Current page contains text 'P2P Trader'.</msg>
<status status="PASS" starttime="20230717 17:17:02.054" endtime="20230717 17:17:02.071"/>
</kw>
<kw name="Click Element" library="SeleniumLibrary">
<arg>${p2p_link}</arg>
<doc>Click the element identified by ``locator``.</doc>
<msg timestamp="20230717 17:17:02.071" level="INFO">Clicking element '//*[@id="dark"]/header/div/div/div[1]/a[2]'.</msg>
<msg timestamp="20230717 17:17:03.337" level="INFO" html="true">&lt;/td&gt;&lt;/tr&gt;&lt;tr&gt;&lt;td colspan="3"&gt;&lt;a href="selenium-screenshot-103.png"&gt;&lt;img src="selenium-screenshot-103.png" width="800px"&gt;&lt;/a&gt;</msg>
<msg timestamp="20230717 17:17:03.337" level="FAIL">ElementClickInterceptedException: Message: element click intercepted: Element &lt;a class="link" id="p2p-page-tour" href="/p2pTrader"&gt;...&lt;/a&gt; is not clickable at point (410, 32). Other element would receive the click: &lt;div class="MuiDialog-container MuiDialog-scrollPaper css-ekeie0" role="presentation" tabindex="-1" style="opacity: 1; transition: opacity 225ms cubic-bezier(0.4, 0, 0.2, 1) 0ms;"&gt;...&lt;/div&gt;
  (Session info: chrome=113.0.5672.92)
Stacktrace:
#0 0x561734d0f133 &lt;unknown&gt;
#1 0x561734a43966 &lt;unknown&gt;
#2 0x561734a863f2 &lt;unknown&gt;
#3 0x561734a845ac &lt;unknown&gt;
#4 0x561734a823be &lt;unknown&gt;
#5 0x561734a81696 &lt;unknown&gt;
#6 0x561734a763ea &lt;unknown&gt;
#7 0x561734a9fbd2 &lt;unknown&gt;
#8 0x561734a75d13 &lt;unknown&gt;
#9 0x561734a9fd9e &lt;unknown&gt;
#10 0x561734ab81c7 &lt;unknown&gt;
#11 0x561734a9f9a3 &lt;unknown&gt;
#12 0x561734a7446a &lt;unknown&gt;
#13 0x561734a7555e &lt;unknown&gt;
#14 0x561734ccecae &lt;unknown&gt;
#15 0x561734cd28fe &lt;unknown&gt;
#16 0x561734cdbf20 &lt;unknown&gt;
#17 0x561734cd3923 &lt;unknown&gt;
#18 0x561734ca6c0e &lt;unknown&gt;
#19 0x561734cf6b08 &lt;unknown&gt;
#20 0x561734cf6c97 &lt;unknown&gt;
#21 0x561734d07113 &lt;unknown&gt;
#22 0x7fd5f0f4bb43 &lt;unknown&gt;
</msg>
<status status="FAIL" starttime="20230717 17:17:02.071" endtime="20230717 17:17:03.337"/>
</kw>
<status status="FAIL" starttime="20230717 17:17:02.054" endtime="20230717 17:17:03.338">ElementClickInterceptedException: Message: element click intercepted: Element &lt;a class="link" id="p2p-page-tour" href="/p2pTrader"&gt;...&lt;/a&gt; is not clickable at point (410, 32). Other element would receive the click: &lt;div class="MuiDialog-container MuiDialog-scrollPaper css-ekeie0" role="presentation" tabindex="-1" style="opacity: 1; transition: opacity 225ms cubic-bezier(0.4, 0, 0.2, 1) 0ms;"&gt;...&lt;/div&gt;
  (Session info: chrome=113.0.5672.92)
Stacktrace:
#0 0x561734d0f133 &lt;unknown&gt;
#1 0x561734a43966 &lt;unknown&gt;
#2 0x561734a863f2 &lt;unknown&gt;
#3 0x561734a845ac &lt;unknown&gt;
#4 0x561734a823be &lt;unknown&gt;
#5 0x561734a81696 &lt;unknown&gt;
#6 0x561734a763ea &lt;unknown&gt;
#7 0x561734a9fbd2 &lt;unknown&gt;
#8 0x561734a75d13 &lt;unknown&gt;
#9 0x561734a9fd9e &lt;unknown&gt;
#10 0x561734ab81c7 &lt;unknown&gt;
#11 0x561734a9f9a3 &lt;unknown&gt;
#12 0x561734a7446a &lt;unknown&gt;
#13 0x561734a7555e &lt;unknown&gt;
#14 0x561734ccecae &lt;unknown&gt;
#15 0x561734cd28fe &lt;unknown&gt;
#16 0x561734cdbf20 &lt;unknown&gt;
#17 0x561734cd3923 &lt;unknown&gt;
#18 0x561734ca6c0e &lt;unknown&gt;
#19 0x561734cf6b08 &lt;unknown&gt;
#20 0x561734cf6c97 &lt;unknown&gt;
#21 0x561734d07113 &lt;unknown&gt;
#22 0x7fd5f0f4bb43 &lt;unknown&gt;
</status>
</test>
<test id="s1-t4" name="Filter and buy an ETH contract" line="57">
<kw name="Click Element" library="SeleniumLibrary">
<arg>${btc_filter}</arg>
<doc>Click the element identified by ``locator``.</doc>
<msg timestamp="20230717 17:17:03.339" level="INFO">Clicking element '//*[@id="dark"]/div[1]/div[1]/div/div/label[2]/span[1]/input'.</msg>
<msg timestamp="20230717 17:17:03.501" level="INFO" html="true">&lt;/td&gt;&lt;/tr&gt;&lt;tr&gt;&lt;td colspan="3"&gt;&lt;a href="selenium-screenshot-104.png"&gt;&lt;img src="selenium-screenshot-104.png" width="800px"&gt;&lt;/a&gt;</msg>
<msg timestamp="20230717 17:17:03.501" level="FAIL">Element with locator '//*[@id="dark"]/div[1]/div[1]/div/div/label[2]/span[1]/input' not found.</msg>
<status status="FAIL" starttime="20230717 17:17:03.339" endtime="20230717 17:17:03.502"/>
</kw>
<kw name="Wait Until Page Contains Element" library="SeleniumLibrary">
<arg>${contract_card}</arg>
<arg>5</arg>
<doc>Waits until the element ``locator`` appears on the current page.</doc>
<status status="NOT RUN" starttime="20230717 17:17:03.502" endtime="20230717 17:17:03.502"/>
</kw>
<kw name="Click Element" library="SeleniumLibrary">
<arg>${buy_btn}</arg>
<doc>Click the element identified by ``locator``.</doc>
<status status="NOT RUN" starttime="20230717 17:17:03.502" endtime="20230717 17:17:03.502"/>
</kw>
<kw name="Wait Until Page Contains Element" library="SeleniumLibrary">
<arg>${alert_box}</arg>
<arg>10</arg>
<doc>Waits until the element ``locator`` appears on the current page.</doc>
<status status="NOT RUN" starttime="20230717 17:17:03.502" endtime="20230717 17:17:03.502"/>
</kw>
<kw name="Click Element" library="SeleniumLibrary">
<arg>${yes_btn}</arg>
<doc>Click the element identified by ``locator``.</doc>
<status status="NOT RUN" starttime="20230717 17:17:03.502" endtime="20230717 17:17:03.502"/>
</kw>
<kw name="Wait Until Page Contains Element" library="SeleniumLibrary">
<arg>${buy_success}</arg>
<arg>5</arg>
<doc>Waits until the element ``locator`` appears on the current page.</doc>
<status status="NOT RUN" starttime="20230717 17:17:03.502" endtime="20230717 17:17:03.502"/>
</kw>
<status status="FAIL" starttime="20230717 17:17:03.338" endtime="20230717 17:17:03.503">Element with locator '//*[@id="dark"]/div[1]/div[1]/div/div/label[2]/span[1]/input' not found.</status>
</test>
<test id="s1-t5" name="Navigate to P2P Transaction History" line="66">
<kw name="Wait Until Page Contains Element" library="SeleniumLibrary">
<arg>${profile_icon}</arg>
<arg>5</arg>
<doc>Waits until the element ``locator`` appears on the current page.</doc>
<status status="PASS" starttime="20230717 17:17:03.503" endtime="20230717 17:17:03.515"/>
</kw>
<kw name="Click Element" library="SeleniumLibrary">
<arg>${profile_icon}</arg>
<doc>Click the element identified by ``locator``.</doc>
<msg timestamp="20230717 17:17:03.515" level="INFO">Clicking element '//*[@class="nav-end"]/button'.</msg>
<msg timestamp="20230717 17:17:04.754" level="INFO" html="true">&lt;/td&gt;&lt;/tr&gt;&lt;tr&gt;&lt;td colspan="3"&gt;&lt;a href="selenium-screenshot-105.png"&gt;&lt;img src="selenium-screenshot-105.png" width="800px"&gt;&lt;/a&gt;</msg>
<msg timestamp="20230717 17:17:04.754" level="FAIL">ElementClickInterceptedException: Message: element click intercepted: Element &lt;button class="MuiButtonBase-root MuiIconButton-root MuiIconButton-sizeMedium css-1egpgfe" tabindex="0" type="button" aria-label="Tour guide"&gt;...&lt;/button&gt; is not clickable at point (813, 32). Other element would receive the click: &lt;div class="MuiDialog-container MuiDialog-scrollPaper css-ekeie0" role="presentation" tabindex="-1" style="opacity: 1; transition: opacity 225ms cubic-bezier(0.4, 0, 0.2, 1) 0ms;"&gt;...&lt;/div&gt;
  (Session info: chrome=113.0.5672.92)
Stacktrace:
#0 0x561734d0f133 &lt;unknown&gt;
#1 0x561734a43966 &lt;unknown&gt;
#2 0x561734a863f2 &lt;unknown&gt;
#3 0x561734a845ac &lt;unknown&gt;
#4 0x561734a823be &lt;unknown&gt;
#5 0x561734a81696 &lt;unknown&gt;
#6 0x561734a763ea &lt;unknown&gt;
#7 0x561734a9fbd2 &lt;unknown&gt;
#8 0x561734a75d13 &lt;unknown&gt;
#9 0x561734a9fd9e &lt;unknown&gt;
#10 0x561734ab81c7 &lt;unknown&gt;
#11 0x561734a9f9a3 &lt;unknown&gt;
#12 0x561734a7446a &lt;unknown&gt;
#13 0x561734a7555e &lt;unknown&gt;
#14 0x561734ccecae &lt;unknown&gt;
#15 0x561734cd28fe &lt;unknown&gt;
#16 0x561734cdbf20 &lt;unknown&gt;
#17 0x561734cd3923 &lt;unknown&gt;
#18 0x561734ca6c0e &lt;unknown&gt;
#19 0x561734cf6b08 &lt;unknown&gt;
#20 0x561734cf6c97 &lt;unknown&gt;
#21 0x561734d07113 &lt;unknown&gt;
#22 0x7fd5f0f4bb43 &lt;unknown&gt;
</msg>
<status status="FAIL" starttime="20230717 17:17:03.515" endtime="20230717 17:17:04.755"/>
</kw>
<kw name="Wait Until Page Contains Element" library="SeleniumLibrary">
<arg>${profile_tab}</arg>
<arg>5</arg>
<doc>Waits until the element ``locator`` appears on the current page.</doc>
<status status="NOT RUN" starttime="20230717 17:17:04.755" endtime="20230717 17:17:04.755"/>
</kw>
<kw name="Click Element" library="SeleniumLibrary">
<arg>${profile_tab}</arg>
<doc>Click the element identified by ``locator``.</doc>
<status status="NOT RUN" starttime="20230717 17:17:04.755" endtime="20230717 17:17:04.755"/>
</kw>
<kw name="Wait Until Page Contains Element" library="SeleniumLibrary">
<arg>${trans_table}</arg>
<arg>5</arg>
<doc>Waits until the element ``locator`` appears on the current page.</doc>
<status status="NOT RUN" starttime="20230717 17:17:04.755" endtime="20230717 17:17:04.755"/>
</kw>
<kw name="Click Element" library="SeleniumLibrary">
<arg>${p2p_hist}</arg>
<doc>Click the element identified by ``locator``.</doc>
<status status="NOT RUN" starttime="20230717 17:17:04.755" endtime="20230717 17:17:04.755"/>
</kw>
<status status="FAIL" starttime="20230717 17:17:03.503" endtime="20230717 17:17:04.756">ElementClickInterceptedException: Message: element click intercepted: Element &lt;button class="MuiButtonBase-root MuiIconButton-root MuiIconButton-sizeMedium css-1egpgfe" tabindex="0" type="button" aria-label="Tour guide"&gt;...&lt;/button&gt; is not clickable at point (813, 32). Other element would receive the click: &lt;div class="MuiDialog-container MuiDialog-scrollPaper css-ekeie0" role="presentation" tabindex="-1" style="opacity: 1; transition: opacity 225ms cubic-bezier(0.4, 0, 0.2, 1) 0ms;"&gt;...&lt;/div&gt;
  (Session info: chrome=113.0.5672.92)
Stacktrace:
#0 0x561734d0f133 &lt;unknown&gt;
#1 0x561734a43966 &lt;unknown&gt;
#2 0x561734a863f2 &lt;unknown&gt;
#3 0x561734a845ac &lt;unknown&gt;
#4 0x561734a823be &lt;unknown&gt;
#5 0x561734a81696 &lt;unknown&gt;
#6 0x561734a763ea &lt;unknown&gt;
#7 0x561734a9fbd2 &lt;unknown&gt;
#8 0x561734a75d13 &lt;unknown&gt;
#9 0x561734a9fd9e &lt;unknown&gt;
#10 0x561734ab81c7 &lt;unknown&gt;
#11 0x561734a9f9a3 &lt;unknown&gt;
#12 0x561734a7446a &lt;unknown&gt;
#13 0x561734a7555e &lt;unknown&gt;
#14 0x561734ccecae &lt;unknown&gt;
#15 0x561734cd28fe &lt;unknown&gt;
#16 0x561734cdbf20 &lt;unknown&gt;
#17 0x561734cd3923 &lt;unknown&gt;
#18 0x561734ca6c0e &lt;unknown&gt;
#19 0x561734cf6b08 &lt;unknown&gt;
#20 0x561734cf6c97 &lt;unknown&gt;
#21 0x561734d07113 &lt;unknown&gt;
#22 0x7fd5f0f4bb43 &lt;unknown&gt;
</status>
</test>
<test id="s1-t6" name="Navigate to P2P Page" line="77">
<kw name="Page Should Contain" library="SeleniumLibrary">
<arg>P2P Trader</arg>
<doc>Verifies that current page contains ``text``.</doc>
<msg timestamp="20230717 17:17:04.768" level="INFO">Current page contains text 'P2P Trader'.</msg>
<status status="PASS" starttime="20230717 17:17:04.757" endtime="20230717 17:17:04.768"/>
</kw>
<kw name="Click Element" library="SeleniumLibrary">
<arg>${p2p_link}</arg>
<doc>Click the element identified by ``locator``.</doc>
<msg timestamp="20230717 17:17:04.769" level="INFO">Clicking element '//*[@id="dark"]/header/div/div/div[1]/a[2]'.</msg>
<msg timestamp="20230717 17:17:05.981" level="INFO" html="true">&lt;/td&gt;&lt;/tr&gt;&lt;tr&gt;&lt;td colspan="3"&gt;&lt;a href="selenium-screenshot-106.png"&gt;&lt;img src="selenium-screenshot-106.png" width="800px"&gt;&lt;/a&gt;</msg>
<msg timestamp="20230717 17:17:05.981" level="FAIL">ElementClickInterceptedException: Message: element click intercepted: Element &lt;a class="link" id="p2p-page-tour" href="/p2pTrader"&gt;...&lt;/a&gt; is not clickable at point (410, 32). Other element would receive the click: &lt;div class="MuiDialog-container MuiDialog-scrollPaper css-ekeie0" role="presentation" tabindex="-1" style="opacity: 1; transition: opacity 225ms cubic-bezier(0.4, 0, 0.2, 1) 0ms;"&gt;...&lt;/div&gt;
  (Session info: chrome=113.0.5672.92)
Stacktrace:
#0 0x561734d0f133 &lt;unknown&gt;
#1 0x561734a43966 &lt;unknown&gt;
#2 0x561734a863f2 &lt;unknown&gt;
#3 0x561734a845ac &lt;unknown&gt;
#4 0x561734a823be &lt;unknown&gt;
#5 0x561734a81696 &lt;unknown&gt;
#6 0x561734a763ea &lt;unknown&gt;
#7 0x561734a9fbd2 &lt;unknown&gt;
#8 0x561734a75d13 &lt;unknown&gt;
#9 0x561734a9fd9e &lt;unknown&gt;
#10 0x561734ab81c7 &lt;unknown&gt;
#11 0x561734a9f9a3 &lt;unknown&gt;
#12 0x561734a7446a &lt;unknown&gt;
#13 0x561734a7555e &lt;unknown&gt;
#14 0x561734ccecae &lt;unknown&gt;
#15 0x561734cd28fe &lt;unknown&gt;
#16 0x561734cdbf20 &lt;unknown&gt;
#17 0x561734cd3923 &lt;unknown&gt;
#18 0x561734ca6c0e &lt;unknown&gt;
#19 0x561734cf6b08 &lt;unknown&gt;
#20 0x561734cf6c97 &lt;unknown&gt;
#21 0x561734d07113 &lt;unknown&gt;
#22 0x7fd5f0f4bb43 &lt;unknown&gt;
</msg>
<status status="FAIL" starttime="20230717 17:17:04.768" endtime="20230717 17:17:05.981"/>
</kw>
<status status="FAIL" starttime="20230717 17:17:04.757" endtime="20230717 17:17:05.982">ElementClickInterceptedException: Message: element click intercepted: Element &lt;a class="link" id="p2p-page-tour" href="/p2pTrader"&gt;...&lt;/a&gt; is not clickable at point (410, 32). Other element would receive the click: &lt;div class="MuiDialog-container MuiDialog-scrollPaper css-ekeie0" role="presentation" tabindex="-1" style="opacity: 1; transition: opacity 225ms cubic-bezier(0.4, 0, 0.2, 1) 0ms;"&gt;...&lt;/div&gt;
  (Session info: chrome=113.0.5672.92)
Stacktrace:
#0 0x561734d0f133 &lt;unknown&gt;
#1 0x561734a43966 &lt;unknown&gt;
#2 0x561734a863f2 &lt;unknown&gt;
#3 0x561734a845ac &lt;unknown&gt;
#4 0x561734a823be &lt;unknown&gt;
#5 0x561734a81696 &lt;unknown&gt;
#6 0x561734a763ea &lt;unknown&gt;
#7 0x561734a9fbd2 &lt;unknown&gt;
#8 0x561734a75d13 &lt;unknown&gt;
#9 0x561734a9fd9e &lt;unknown&gt;
#10 0x561734ab81c7 &lt;unknown&gt;
#11 0x561734a9f9a3 &lt;unknown&gt;
#12 0x561734a7446a &lt;unknown&gt;
#13 0x561734a7555e &lt;unknown&gt;
#14 0x561734ccecae &lt;unknown&gt;
#15 0x561734cd28fe &lt;unknown&gt;
#16 0x561734cdbf20 &lt;unknown&gt;
#17 0x561734cd3923 &lt;unknown&gt;
#18 0x561734ca6c0e &lt;unknown&gt;
#19 0x561734cf6b08 &lt;unknown&gt;
#20 0x561734cf6c97 &lt;unknown&gt;
#21 0x561734d07113 &lt;unknown&gt;
#22 0x7fd5f0f4bb43 &lt;unknown&gt;
</status>
</test>
<doc>Testing for login, create and delete api token</doc>
<status status="FAIL" starttime="20230717 17:16:59.889" endtime="20230717 17:17:05.982"/>
</suite>
<statistics>
<total>
<stat pass="2" fail="4" skip="0">All Tests</stat>
</total>
<tag>
</tag>
<suite>
<stat pass="2" fail="4" skip="0" id="s1" name="P2P">P2P</stat>
</suite>
</statistics>
<errors>
<msg timestamp="20230717 17:17:04.756" level="WARN">Multiple tests with name 'Navigate to P2P Page' executed in suite 'P2P'.</msg>
</errors>
</robot>
