<?xml version="1.0" encoding="UTF-8"?>
<robot generator="Robot 6.0.2 (Python 3.10.6 on linux)" generated="20230714 16:52:22.317" rpa="false" schemaversion="3">
<suite id="s1" name="Homepage" source="/home/ikmal/Desktop/DRCautomation/homepage.robot">
<test id="s1-t1" name="Withdraw 10000 USD into Wallet and Check Wallet History" line="122">
<kw name="Go To Website">
<kw name="Open Browser" library="SeleniumLibrary">
<arg>https://crypthub-app.vercel.app/</arg>
<arg>chrome</arg>
<doc>Opens a new browser instance to the optional ``url``.</doc>
<msg timestamp="20230714 16:52:22.422" level="INFO">Opening browser 'chrome' to base url 'https://crypthub-app.vercel.app/'.</msg>
<status status="PASS" starttime="20230714 16:52:22.422" endtime="20230714 16:52:23.805"/>
</kw>
<kw name="Set Window Size" library="SeleniumLibrary">
<arg>1280</arg>
<arg>1024</arg>
<doc>Sets current windows size to given ``width`` and ``height``.</doc>
<status status="PASS" starttime="20230714 16:52:23.806" endtime="20230714 16:52:23.916"/>
</kw>
<status status="PASS" starttime="20230714 16:52:22.421" endtime="20230714 16:52:23.916"/>
</kw>
<kw name="Login">
<kw name="Wait Until Page Contains Element" library="SeleniumLibrary">
<arg>${logo}</arg>
<doc>Waits until the element ``locator`` appears on the current page.</doc>
<status status="PASS" starttime="20230714 16:52:23.919" endtime="20230714 16:52:23.935"/>
</kw>
<kw name="Wait Until Element Is Visible" library="SeleniumLibrary">
<arg>${logo}</arg>
<doc>Waits until the element ``locator`` is visible.</doc>
<status status="PASS" starttime="20230714 16:52:23.935" endtime="20230714 16:52:23.956"/>
</kw>
<kw name="Click Element" library="SeleniumLibrary">
<arg>${login}</arg>
<doc>Click the element identified by ``locator``.</doc>
<msg timestamp="20230714 16:52:23.957" level="INFO">Clicking element '//*[@class="nav-end"]/button'.</msg>
<status status="PASS" starttime="20230714 16:52:23.956" endtime="20230714 16:52:24.056"/>
</kw>
<kw name="Wait Until Element Is Visible" library="SeleniumLibrary">
<arg>${login_popup}</arg>
<doc>Waits until the element ``locator`` is visible.</doc>
<status status="PASS" starttime="20230714 16:52:24.056" endtime="20230714 16:52:24.095"/>
</kw>
<kw name="Input Text" library="SeleniumLibrary">
<arg>${login_email}</arg>
<arg>ikmal@besquare.com.my</arg>
<doc>Types the given ``text`` into the text field identified by ``locator``.</doc>
<msg timestamp="20230714 16:52:24.096" level="INFO">Typing text 'ikmal@besquare.com.my' into text field '//*[@class="wrapper"]/div/div/div[2]/form/div/div/div/input'.</msg>
<status status="PASS" starttime="20230714 16:52:24.095" endtime="20230714 16:52:24.216"/>
</kw>
<kw name="Input Password" library="SeleniumLibrary">
<arg>${login_password}</arg>
<arg>Ikmal12!</arg>
<doc>Types the given password into the text field identified by ``locator``.</doc>
<msg timestamp="20230714 16:52:24.217" level="INFO">Typing password into text field '//*[@class="wrapper"]/div/div/div[2]/form/div[2]/div/div/input'.</msg>
<msg timestamp="20230714 16:52:24.255" level="INFO">Temporally setting log level to: NONE</msg>
<msg timestamp="20230714 16:52:24.309" level="INFO">Log level changed from NONE to INFO.</msg>
<status status="PASS" starttime="20230714 16:52:24.217" endtime="20230714 16:52:24.310"/>
</kw>
<kw name="Click Element" library="SeleniumLibrary">
<arg>${login_button}</arg>
<doc>Click the element identified by ``locator``.</doc>
<msg timestamp="20230714 16:52:24.312" level="INFO">Clicking element '//*[@class="wrapper"]/div/div/div[2]/form/button'.</msg>
<status status="PASS" starttime="20230714 16:52:24.311" endtime="20230714 16:52:24.378"/>
</kw>
<status status="PASS" starttime="20230714 16:52:23.917" endtime="20230714 16:52:24.378"/>
</kw>
<kw name="Withdraw 10000 USD out of Wallet">
<kw name="Wait Until Element Is Visible" library="SeleniumLibrary">
<arg>${wallet}</arg>
<doc>Waits until the element ``locator`` is visible.</doc>
<status status="PASS" starttime="20230714 16:52:24.380" endtime="20230714 16:52:24.652"/>
</kw>
<kw name="Click Element" library="SeleniumLibrary">
<arg>${wallet}</arg>
<doc>Click the element identified by ``locator``.</doc>
<msg timestamp="20230714 16:52:24.654" level="INFO">Clicking element '//*[@id="wallet"]'.</msg>
<status status="PASS" starttime="20230714 16:52:24.653" endtime="20230714 16:52:24.858"/>
</kw>
<kw name="Wait Until Element Is Visible" library="SeleniumLibrary">
<arg>${withdraw_dropdown}</arg>
<doc>Waits until the element ``locator`` is visible.</doc>
<status status="PASS" starttime="20230714 16:52:24.858" endtime="20230714 16:52:25.116"/>
</kw>
<kw name="Click Element" library="SeleniumLibrary">
<arg>${withdraw_dropdown}</arg>
<doc>Click the element identified by ``locator``.</doc>
<msg timestamp="20230714 16:52:25.119" level="INFO">Clicking element '//*[@role="listbox"]/button[2]'.</msg>
<status status="PASS" starttime="20230714 16:52:25.117" endtime="20230714 16:52:25.198"/>
</kw>
<kw name="Wait Until Element Is Visible" library="SeleniumLibrary">
<arg>${wallet_input}</arg>
<doc>Waits until the element ``locator`` is visible.</doc>
<status status="PASS" starttime="20230714 16:52:25.198" endtime="20230714 16:52:25.218"/>
</kw>
<kw name="Input Text" library="SeleniumLibrary">
<arg>${wallet_input}</arg>
<arg>10000</arg>
<doc>Types the given ``text`` into the text field identified by ``locator``.</doc>
<msg timestamp="20230714 16:52:25.218" level="INFO">Typing text '10000' into text field '//*[@class="wrapper"]/div/div/form/div/div/div/input'.</msg>
<status status="PASS" starttime="20230714 16:52:25.218" endtime="20230714 16:52:25.290"/>
</kw>
<kw name="Click Element" library="SeleniumLibrary">
<arg>${withdraw_button}</arg>
<doc>Click the element identified by ``locator``.</doc>
<msg timestamp="20230714 16:52:25.291" level="INFO">Clicking element '//*[@class="deposit-form"]/button'.</msg>
<status status="PASS" starttime="20230714 16:52:25.290" endtime="20230714 16:52:25.368"/>
</kw>
<kw name="Wait Until Element Is Visible" library="SeleniumLibrary">
<arg>${successful_message}</arg>
<doc>Waits until the element ``locator`` is visible.</doc>
<status status="PASS" starttime="20230714 16:52:25.368" endtime="20230714 16:52:25.388"/>
</kw>
<kw name="Wait Until Element Is Enabled" library="SeleniumLibrary">
<arg>${wallet}</arg>
<doc>Waits until the element ``locator`` is enabled.</doc>
<status status="PASS" starttime="20230714 16:52:25.389" endtime="20230714 16:52:25.441"/>
</kw>
<kw name="Click Element" library="SeleniumLibrary">
<arg>${USD_opt}</arg>
<doc>Click the element identified by ``locator``.</doc>
<msg timestamp="20230714 16:52:25.441" level="INFO">Clicking element '//*[@id="menu-"]/div[3]/ul/li[1]'.</msg>
<status status="PASS" starttime="20230714 16:52:25.441" endtime="20230714 16:52:25.604"/>
</kw>
<status status="PASS" starttime="20230714 16:52:24.379" endtime="20230714 16:52:25.605"/>
</kw>
<kw name="To Profile Page">
<kw name="Click Element" library="SeleniumLibrary">
<arg>${profile_icon}</arg>
<doc>Click the element identified by ``locator``.</doc>
<msg timestamp="20230714 16:52:25.606" level="INFO">Clicking element '//*[@class="nav-end"]/button/div'.</msg>
<status status="PASS" starttime="20230714 16:52:25.606" endtime="20230714 16:52:25.944"/>
</kw>
<kw name="Wait Until Element Is Enabled" library="SeleniumLibrary">
<arg>${profile_button}</arg>
<doc>Waits until the element ``locator`` is enabled.</doc>
<status status="PASS" starttime="20230714 16:52:25.944" endtime="20230714 16:52:25.975"/>
</kw>
<kw name="Click Element" library="SeleniumLibrary">
<arg>${profile_button}</arg>
<doc>Click the element identified by ``locator``.</doc>
<msg timestamp="20230714 16:52:25.977" level="INFO">Clicking element '//*[@class="MuiPopover-root MuiMenu-root MuiModal-root css-1sucic7"]/div[3]/ul/li'.</msg>
<status status="PASS" starttime="20230714 16:52:25.976" endtime="20230714 16:52:26.071"/>
</kw>
<status status="PASS" starttime="20230714 16:52:25.605" endtime="20230714 16:52:26.072"/>
</kw>
<kw name="Wait Until Element Is Enabled" library="SeleniumLibrary">
<arg>${wallet_history_tab}</arg>
<doc>Waits until the element ``locator`` is enabled.</doc>
<status status="PASS" starttime="20230714 16:52:26.072" endtime="20230714 16:52:26.105"/>
</kw>
<kw name="Click Element" library="SeleniumLibrary">
<arg>${wallet_history_tab}</arg>
<doc>Click the element identified by ``locator``.</doc>
<msg timestamp="20230714 16:52:26.106" level="INFO">Clicking element '//*[@id="vertical-tab-1"]'.</msg>
<status status="PASS" starttime="20230714 16:52:26.105" endtime="20230714 16:52:26.373"/>
</kw>
<kw name="Wait Until Element Is Visible" library="SeleniumLibrary">
<arg>${most_recent_withdraw}</arg>
<arg>10</arg>
<doc>Waits until the element ``locator`` is visible.</doc>
<status status="PASS" starttime="20230714 16:52:26.373" endtime="20230714 16:52:26.623"/>
</kw>
<kw name="Wait Until Element Is Visible" library="SeleniumLibrary">
<arg>${most_recent_wallet_txn}</arg>
<arg>10</arg>
<doc>Waits until the element ``locator`` is visible.</doc>
<status status="PASS" starttime="20230714 16:52:26.623" endtime="20230714 16:52:26.649"/>
</kw>
<kw name="Sleep" library="BuiltIn">
<arg>4</arg>
<doc>Pauses the test executed for the given time.</doc>
<msg timestamp="20230714 16:52:30.651" level="INFO">Slept 4 seconds</msg>
<status status="PASS" starttime="20230714 16:52:26.650" endtime="20230714 16:52:30.652"/>
</kw>
<status status="PASS" starttime="20230714 16:52:22.420" endtime="20230714 16:52:30.652"/>
</test>
<doc>homepage</doc>
<status status="PASS" starttime="20230714 16:52:22.323" endtime="20230714 16:52:30.679"/>
</suite>
<statistics>
<total>
<stat pass="1" fail="0" skip="0">All Tests</stat>
</total>
<tag>
</tag>
<suite>
<stat pass="1" fail="0" skip="0" id="s1" name="Homepage">Homepage</stat>
</suite>
</statistics>
<errors>
</errors>
</robot>
