<?xml version="1.0" encoding="UTF-8"?>
<robot generator="Robot 6.0.2 (Python 3.10.6 on linux)" generated="20230714 17:54:37.659" rpa="false" schemaversion="3">
<suite id="s1" name="Homepage" source="/home/ikmal/Desktop/DRCautomation/homepage.robot">
<test id="s1-t1" name="Sell 0.1 BTC and Check Transaction History" line="173">
<kw name="Go To Website">
<kw name="Open Browser" library="SeleniumLibrary">
<arg>https://crypthub-app.vercel.app/</arg>
<arg>chrome</arg>
<doc>Opens a new browser instance to the optional ``url``.</doc>
<msg timestamp="20230714 17:54:37.770" level="INFO">Opening browser 'chrome' to base url 'https://crypthub-app.vercel.app/'.</msg>
<status status="PASS" starttime="20230714 17:54:37.769" endtime="20230714 17:54:39.220"/>
</kw>
<kw name="Set Window Size" library="SeleniumLibrary">
<arg>1280</arg>
<arg>1024</arg>
<doc>Sets current windows size to given ``width`` and ``height``.</doc>
<status status="PASS" starttime="20230714 17:54:39.220" endtime="20230714 17:54:39.333"/>
</kw>
<status status="PASS" starttime="20230714 17:54:37.769" endtime="20230714 17:54:39.335"/>
</kw>
<kw name="Login">
<kw name="Wait Until Page Contains Element" library="SeleniumLibrary">
<arg>${logo}</arg>
<doc>Waits until the element ``locator`` appears on the current page.</doc>
<status status="PASS" starttime="20230714 17:54:39.336" endtime="20230714 17:54:39.364"/>
</kw>
<kw name="Wait Until Element Is Visible" library="SeleniumLibrary">
<arg>${logo}</arg>
<doc>Waits until the element ``locator`` is visible.</doc>
<status status="PASS" starttime="20230714 17:54:39.364" endtime="20230714 17:54:39.420"/>
</kw>
<kw name="Click Element" library="SeleniumLibrary">
<arg>${login}</arg>
<doc>Click the element identified by ``locator``.</doc>
<msg timestamp="20230714 17:54:39.421" level="INFO">Clicking element '//*[@class="nav-end"]/button'.</msg>
<status status="PASS" starttime="20230714 17:54:39.420" endtime="20230714 17:54:39.521"/>
</kw>
<kw name="Wait Until Element Is Visible" library="SeleniumLibrary">
<arg>${login_popup}</arg>
<doc>Waits until the element ``locator`` is visible.</doc>
<status status="PASS" starttime="20230714 17:54:39.522" endtime="20230714 17:54:39.565"/>
</kw>
<kw name="Input Text" library="SeleniumLibrary">
<arg>${login_email}</arg>
<arg>ikmal@besquare.com.my</arg>
<doc>Types the given ``text`` into the text field identified by ``locator``.</doc>
<msg timestamp="20230714 17:54:39.568" level="INFO">Typing text 'ikmal@besquare.com.my' into text field '//*[@class="wrapper"]/div/div/div[2]/form/div/div/div/input'.</msg>
<status status="PASS" starttime="20230714 17:54:39.566" endtime="20230714 17:54:39.703"/>
</kw>
<kw name="Input Password" library="SeleniumLibrary">
<arg>${login_password}</arg>
<arg>Ikmal12!</arg>
<doc>Types the given password into the text field identified by ``locator``.</doc>
<msg timestamp="20230714 17:54:39.704" level="INFO">Typing password into text field '//*[@class="wrapper"]/div/div/div[2]/form/div[2]/div/div/input'.</msg>
<msg timestamp="20230714 17:54:39.739" level="INFO">Temporally setting log level to: NONE</msg>
<msg timestamp="20230714 17:54:39.806" level="INFO">Log level changed from NONE to INFO.</msg>
<status status="PASS" starttime="20230714 17:54:39.703" endtime="20230714 17:54:39.806"/>
</kw>
<kw name="Click Element" library="SeleniumLibrary">
<arg>${login_button}</arg>
<doc>Click the element identified by ``locator``.</doc>
<msg timestamp="20230714 17:54:39.807" level="INFO">Clicking element '//*[@class="wrapper"]/div/div/div[2]/form/button'.</msg>
<status status="PASS" starttime="20230714 17:54:39.806" endtime="20230714 17:54:39.887"/>
</kw>
<status status="PASS" starttime="20230714 17:54:39.335" endtime="20230714 17:54:39.887"/>
</kw>
<kw name="Deposit 10000 USD into Wallet">
<kw name="Wait Until Element Is Visible" library="SeleniumLibrary">
<arg>${wallet}</arg>
<doc>Waits until the element ``locator`` is visible.</doc>
<status status="PASS" starttime="20230714 17:54:39.888" endtime="20230714 17:54:40.353"/>
</kw>
<kw name="Click Element" library="SeleniumLibrary">
<arg>${wallet}</arg>
<doc>Click the element identified by ``locator``.</doc>
<msg timestamp="20230714 17:54:40.355" level="INFO">Clicking element '//*[@id="wallet"]'.</msg>
<status status="PASS" starttime="20230714 17:54:40.354" endtime="20230714 17:54:40.493"/>
</kw>
<kw name="Wait Until Element Is Visible" library="SeleniumLibrary">
<arg>${deposit_dropdown}</arg>
<doc>Waits until the element ``locator`` is visible.</doc>
<status status="PASS" starttime="20230714 17:54:40.494" endtime="20230714 17:54:40.518"/>
</kw>
<kw name="Click Element" library="SeleniumLibrary">
<arg>${deposit_dropdown}</arg>
<doc>Click the element identified by ``locator``.</doc>
<msg timestamp="20230714 17:54:40.518" level="INFO">Clicking element '//*[@role="listbox"]/button'.</msg>
<status status="PASS" starttime="20230714 17:54:40.518" endtime="20230714 17:54:40.587"/>
</kw>
<kw name="Wait Until Element Is Visible" library="SeleniumLibrary">
<arg>${wallet_input}</arg>
<doc>Waits until the element ``locator`` is visible.</doc>
<status status="PASS" starttime="20230714 17:54:40.587" endtime="20230714 17:54:40.615"/>
</kw>
<kw name="Input Text" library="SeleniumLibrary">
<arg>${wallet_input}</arg>
<arg>10000</arg>
<doc>Types the given ``text`` into the text field identified by ``locator``.</doc>
<msg timestamp="20230714 17:54:40.617" level="INFO">Typing text '10000' into text field '//*[@class="wrapper"]/div/div/form/div/div/div/input'.</msg>
<status status="PASS" starttime="20230714 17:54:40.616" endtime="20230714 17:54:40.709"/>
</kw>
<kw name="Click Element" library="SeleniumLibrary">
<arg>${deposit_button}</arg>
<doc>Click the element identified by ``locator``.</doc>
<msg timestamp="20230714 17:54:40.712" level="INFO">Clicking element '//*[@class="deposit-form"]/button'.</msg>
<status status="PASS" starttime="20230714 17:54:40.710" endtime="20230714 17:54:40.788"/>
</kw>
<kw name="Wait Until Page Contains Element" library="SeleniumLibrary">
<arg>${successful_message}</arg>
<doc>Waits until the element ``locator`` appears on the current page.</doc>
<status status="PASS" starttime="20230714 17:54:40.789" endtime="20230714 17:54:40.803"/>
</kw>
<kw name="Wait Until Element Is Enabled" library="SeleniumLibrary">
<arg>${wallet}</arg>
<doc>Waits until the element ``locator`` is enabled.</doc>
<status status="PASS" starttime="20230714 17:54:40.803" endtime="20230714 17:54:40.851"/>
</kw>
<kw name="Click Element" library="SeleniumLibrary">
<arg>${USD_opt}</arg>
<doc>Click the element identified by ``locator``.</doc>
<msg timestamp="20230714 17:54:40.852" level="INFO">Clicking element '//*[@id="menu-"]/div[3]/ul/li[1]'.</msg>
<status status="PASS" starttime="20230714 17:54:40.851" endtime="20230714 17:54:41.068"/>
</kw>
<status status="PASS" starttime="20230714 17:54:39.887" endtime="20230714 17:54:41.069"/>
</kw>
<kw name="Buy 10000 USD worth of BTC">
<kw name="Wait Until Page Contains Element" library="SeleniumLibrary">
<arg>${currency_dropdown}</arg>
<doc>Waits until the element ``locator`` appears on the current page.</doc>
<status status="PASS" starttime="20230714 17:54:41.071" endtime="20230714 17:54:41.101"/>
</kw>
<kw name="Click Element" library="SeleniumLibrary">
<arg>${currency_dropdown}</arg>
<doc>Click the element identified by ``locator``.</doc>
<msg timestamp="20230714 17:54:41.102" level="INFO">Clicking element '//*[@class="mobile-hide"]'.</msg>
<status status="PASS" starttime="20230714 17:54:41.101" endtime="20230714 17:54:41.431"/>
</kw>
<kw name="Wait Until Element Is Visible" library="SeleniumLibrary">
<arg>${BTC_currency}</arg>
<doc>Waits until the element ``locator`` is visible.</doc>
<status status="PASS" starttime="20230714 17:54:41.432" endtime="20230714 17:54:41.467"/>
</kw>
<kw name="Click Element" library="SeleniumLibrary">
<arg>${BTC_currency}</arg>
<doc>Click the element identified by ``locator``.</doc>
<msg timestamp="20230714 17:54:41.468" level="INFO">Clicking element '//*[@data-value="BTC"]'.</msg>
<status status="PASS" starttime="20230714 17:54:41.467" endtime="20230714 17:54:41.515"/>
</kw>
<kw name="Click Element" library="SeleniumLibrary">
<arg>${buy_toggle}</arg>
<doc>Click the element identified by ``locator``.</doc>
<msg timestamp="20230714 17:54:41.516" level="INFO">Clicking element '//*[@class="buy-sell-toggle"]/button'.</msg>
<status status="PASS" starttime="20230714 17:54:41.515" endtime="20230714 17:54:41.771"/>
</kw>
<kw name="Input Text" library="SeleniumLibrary">
<arg>${amount_input}</arg>
<arg>10000</arg>
<doc>Types the given ``text`` into the text field identified by ``locator``.</doc>
<msg timestamp="20230714 17:54:41.773" level="INFO">Typing text '10000' into text field '//*[@class="amount"]/div/div/input'.</msg>
<status status="PASS" starttime="20230714 17:54:41.772" endtime="20230714 17:54:41.883"/>
</kw>
<kw name="Sleep" library="BuiltIn">
<arg>4</arg>
<doc>Pauses the test executed for the given time.</doc>
<msg timestamp="20230714 17:54:45.884" level="INFO">Slept 4 seconds</msg>
<status status="PASS" starttime="20230714 17:54:41.883" endtime="20230714 17:54:45.885"/>
</kw>
<kw name="Wait Until Element Is Enabled" library="SeleniumLibrary">
<arg>${buysell_button}</arg>
<doc>Waits until the element ``locator`` is enabled.</doc>
<status status="PASS" starttime="20230714 17:54:45.885" endtime="20230714 17:54:45.942"/>
</kw>
<kw name="Click Element" library="SeleniumLibrary">
<arg>${buysell_button}</arg>
<doc>Click the element identified by ``locator``.</doc>
<msg timestamp="20230714 17:54:45.943" level="INFO">Clicking element '//*[@class="side-bar-input"]/button'.</msg>
<status status="PASS" starttime="20230714 17:54:45.942" endtime="20230714 17:54:45.992"/>
</kw>
<kw name="Wait Until Element Is Visible" library="SeleniumLibrary">
<arg>${successful_message}</arg>
<doc>Waits until the element ``locator`` is visible.</doc>
<status status="PASS" starttime="20230714 17:54:45.992" endtime="20230714 17:54:46.234"/>
</kw>
<status status="PASS" starttime="20230714 17:54:41.070" endtime="20230714 17:54:46.235"/>
</kw>
<kw name="Sell 0.1 BTC">
<kw name="Wait Until Page Contains Element" library="SeleniumLibrary">
<arg>${currency_dropdown}</arg>
<doc>Waits until the element ``locator`` appears on the current page.</doc>
<status status="PASS" starttime="20230714 17:54:46.236" endtime="20230714 17:54:46.260"/>
</kw>
<kw name="Click Element" library="SeleniumLibrary">
<arg>${currency_dropdown}</arg>
<doc>Click the element identified by ``locator``.</doc>
<msg timestamp="20230714 17:54:46.261" level="INFO">Clicking element '//*[@class="mobile-hide"]'.</msg>
<status status="PASS" starttime="20230714 17:54:46.261" endtime="20230714 17:54:46.353"/>
</kw>
<kw name="Wait Until Element Is Visible" library="SeleniumLibrary">
<arg>${BTC_currency}</arg>
<doc>Waits until the element ``locator`` is visible.</doc>
<status status="PASS" starttime="20230714 17:54:46.354" endtime="20230714 17:54:46.603"/>
</kw>
<kw name="Click Element" library="SeleniumLibrary">
<arg>${BTC_currency}</arg>
<doc>Click the element identified by ``locator``.</doc>
<msg timestamp="20230714 17:54:46.606" level="INFO">Clicking element '//*[@data-value="BTC"]'.</msg>
<status status="PASS" starttime="20230714 17:54:46.605" endtime="20230714 17:54:46.662"/>
</kw>
<kw name="Click Element" library="SeleniumLibrary">
<arg>${sell_toggle}</arg>
<doc>Click the element identified by ``locator``.</doc>
<msg timestamp="20230714 17:54:46.663" level="INFO">Clicking element '//*[@class="buy-sell-toggle"]/button[2]'.</msg>
<status status="PASS" starttime="20230714 17:54:46.662" endtime="20230714 17:54:46.931"/>
</kw>
<kw name="Input Text" library="SeleniumLibrary">
<arg>${amount_input}</arg>
<arg>0.1</arg>
<doc>Types the given ``text`` into the text field identified by ``locator``.</doc>
<msg timestamp="20230714 17:54:46.932" level="INFO">Typing text '0.1' into text field '//*[@class="amount"]/div/div/input'.</msg>
<status status="PASS" starttime="20230714 17:54:46.932" endtime="20230714 17:54:47.038"/>
</kw>
<kw name="Sleep" library="BuiltIn">
<arg>4</arg>
<doc>Pauses the test executed for the given time.</doc>
<msg timestamp="20230714 17:54:51.040" level="INFO">Slept 4 seconds</msg>
<status status="PASS" starttime="20230714 17:54:47.039" endtime="20230714 17:54:51.042"/>
</kw>
<kw name="Wait Until Element Is Enabled" library="SeleniumLibrary">
<arg>${buysell_button}</arg>
<doc>Waits until the element ``locator`` is enabled.</doc>
<status status="PASS" starttime="20230714 17:54:51.042" endtime="20230714 17:54:51.098"/>
</kw>
<kw name="Click Element" library="SeleniumLibrary">
<arg>${buysell_button}</arg>
<doc>Click the element identified by ``locator``.</doc>
<msg timestamp="20230714 17:54:51.100" level="INFO">Clicking element '//*[@class="side-bar-input"]/button'.</msg>
<status status="PASS" starttime="20230714 17:54:51.098" endtime="20230714 17:54:51.162"/>
</kw>
<kw name="Wait Until Element Is Visible" library="SeleniumLibrary">
<arg>${successful_message}</arg>
<doc>Waits until the element ``locator`` is visible.</doc>
<status status="PASS" starttime="20230714 17:54:51.162" endtime="20230714 17:54:51.181"/>
</kw>
<status status="PASS" starttime="20230714 17:54:46.235" endtime="20230714 17:54:51.182"/>
</kw>
<kw name="To Profile Page">
<kw name="Click Element" library="SeleniumLibrary">
<arg>${profile_icon}</arg>
<doc>Click the element identified by ``locator``.</doc>
<msg timestamp="20230714 17:54:51.187" level="INFO">Clicking element '//*[@class="nav-end"]/button/div'.</msg>
<status status="PASS" starttime="20230714 17:54:51.184" endtime="20230714 17:54:51.262"/>
</kw>
<kw name="Wait Until Element Is Enabled" library="SeleniumLibrary">
<arg>${profile_button}</arg>
<doc>Waits until the element ``locator`` is enabled.</doc>
<status status="PASS" starttime="20230714 17:54:51.263" endtime="20230714 17:54:51.298"/>
</kw>
<kw name="Click Element" library="SeleniumLibrary">
<arg>${profile_button}</arg>
<doc>Click the element identified by ``locator``.</doc>
<msg timestamp="20230714 17:54:51.298" level="INFO">Clicking element '//*[@class="MuiPopover-root MuiMenu-root MuiModal-root css-1sucic7"]/div[3]/ul/li'.</msg>
<status status="PASS" starttime="20230714 17:54:51.298" endtime="20230714 17:54:51.466"/>
</kw>
<status status="PASS" starttime="20230714 17:54:51.182" endtime="20230714 17:54:51.467"/>
</kw>
<kw name="Wait Until Element Is Visible" library="SeleniumLibrary">
<arg>${transaction_history_tab}</arg>
<doc>Waits until the element ``locator`` is visible.</doc>
<status status="PASS" starttime="20230714 17:54:51.468" endtime="20230714 17:54:51.489"/>
</kw>
<kw name="Click Element" library="SeleniumLibrary">
<arg>${transaction_history_tab}</arg>
<doc>Click the element identified by ``locator``.</doc>
<msg timestamp="20230714 17:54:51.492" level="INFO">Clicking element '//*[@id="vertical-tab-0"]'.</msg>
<status status="PASS" starttime="20230714 17:54:51.491" endtime="20230714 17:54:51.708"/>
</kw>
<kw name="Wait Until Element Is Visible" library="SeleniumLibrary">
<arg>${most_recent_sell}</arg>
<arg>10</arg>
<doc>Waits until the element ``locator`` is visible.</doc>
<status status="PASS" starttime="20230714 17:54:51.709" endtime="20230714 17:54:51.731"/>
</kw>
<kw name="Wait Until Element Is Visible" library="SeleniumLibrary">
<arg>${most_recent_BTC}</arg>
<arg>10</arg>
<doc>Waits until the element ``locator`` is visible.</doc>
<status status="PASS" starttime="20230714 17:54:51.732" endtime="20230714 17:54:51.761"/>
</kw>
<kw name="Wait Until Element Is Visible" library="SeleniumLibrary">
<arg>${most_recent_coin_amt}</arg>
<arg>10</arg>
<doc>Waits until the element ``locator`` is visible.</doc>
<status status="PASS" starttime="20230714 17:54:51.761" endtime="20230714 17:54:51.788"/>
</kw>
<kw name="Sleep" library="BuiltIn">
<arg>4</arg>
<doc>Pauses the test executed for the given time.</doc>
<msg timestamp="20230714 17:54:55.791" level="INFO">Slept 4 seconds</msg>
<status status="PASS" starttime="20230714 17:54:51.789" endtime="20230714 17:54:55.791"/>
</kw>
<status status="PASS" starttime="20230714 17:54:37.768" endtime="20230714 17:54:55.792"/>
</test>
<doc>homepage</doc>
<status status="PASS" starttime="20230714 17:54:37.662" endtime="20230714 17:54:55.793"/>
</suite>
<statistics>
<total>
<stat pass="1" fail="0" skip="0">All Tests</stat>
</total>
<tag>
</tag>
<suite>
<stat pass="1" fail="0" skip="0" id="s1" name="Homepage">Homepage</stat>
</suite>
</statistics>
<errors>
</errors>
</robot>
