<?xml version="1.0" encoding="UTF-8"?>
<robot generator="Robot 6.0.2 (Python 3.10.6 on linux)" generated="20230713 17:39:27.135" rpa="false" schemaversion="3">
<suite id="s1" name="Login" source="/home/ikmal/Desktop/DRCautomation/login.robot">
<test id="s1-t1" name="Logout" line="44">
<kw name="Go To Website">
<kw name="Open Browser" library="SeleniumLibrary">
<arg>https://crypthub-app.vercel.app/</arg>
<arg>chrome</arg>
<doc>Opens a new browser instance to the optional ``url``.</doc>
<msg timestamp="20230713 17:39:27.233" level="INFO">Opening browser 'chrome' to base url 'https://crypthub-app.vercel.app/'.</msg>
<status status="PASS" starttime="20230713 17:39:27.233" endtime="20230713 17:39:28.739"/>
</kw>
<kw name="Set Window Size" library="SeleniumLibrary">
<arg>1280</arg>
<arg>1024</arg>
<doc>Sets current windows size to given ``width`` and ``height``.</doc>
<status status="PASS" starttime="20230713 17:39:28.740" endtime="20230713 17:39:28.863"/>
</kw>
<status status="PASS" starttime="20230713 17:39:27.232" endtime="20230713 17:39:28.864"/>
</kw>
<kw name="login">
<kw name="Wait Until Page Contains Element" library="SeleniumLibrary">
<arg>${logo}</arg>
<doc>Waits until the element ``locator`` appears on the current page.</doc>
<status status="PASS" starttime="20230713 17:39:28.865" endtime="20230713 17:39:28.885"/>
</kw>
<kw name="Wait Until Element Is Visible" library="SeleniumLibrary">
<arg>${logo}</arg>
<doc>Waits until the element ``locator`` is visible.</doc>
<status status="PASS" starttime="20230713 17:39:28.885" endtime="20230713 17:39:28.924"/>
</kw>
<kw name="Click Element" library="SeleniumLibrary">
<arg>${login}</arg>
<doc>Click the element identified by ``locator``.</doc>
<msg timestamp="20230713 17:39:28.928" level="INFO">Clicking element '//*[@class="nav-end"]/button'.</msg>
<status status="PASS" starttime="20230713 17:39:28.925" endtime="20230713 17:39:29.031"/>
</kw>
<kw name="Wait Until Element Is Visible" library="SeleniumLibrary">
<arg>${login_popup}</arg>
<doc>Waits until the element ``locator`` is visible.</doc>
<status status="PASS" starttime="20230713 17:39:29.031" endtime="20230713 17:39:29.082"/>
</kw>
<kw name="Input Text" library="SeleniumLibrary">
<arg>${login_email}</arg>
<arg>ikmal@besquare.com.my</arg>
<doc>Types the given ``text`` into the text field identified by ``locator``.</doc>
<msg timestamp="20230713 17:39:29.083" level="INFO">Typing text 'ikmal@besquare.com.my' into text field '//*[@class="wrapper"]/div/div/div[2]/form/div/div/div/input'.</msg>
<status status="PASS" starttime="20230713 17:39:29.082" endtime="20230713 17:39:29.222"/>
</kw>
<kw name="Input Password" library="SeleniumLibrary">
<arg>${login_password}</arg>
<arg>Ikmal12!</arg>
<doc>Types the given password into the text field identified by ``locator``.</doc>
<msg timestamp="20230713 17:39:29.224" level="INFO">Typing password into text field '//*[@class="wrapper"]/div/div/div[2]/form/div[2]/div/div/input'.</msg>
<msg timestamp="20230713 17:39:29.267" level="INFO">Temporally setting log level to: NONE</msg>
<msg timestamp="20230713 17:39:29.329" level="INFO">Log level changed from NONE to INFO.</msg>
<status status="PASS" starttime="20230713 17:39:29.223" endtime="20230713 17:39:29.329"/>
</kw>
<kw name="Click Element" library="SeleniumLibrary">
<arg>${login_button}</arg>
<doc>Click the element identified by ``locator``.</doc>
<msg timestamp="20230713 17:39:29.330" level="INFO">Clicking element '//*[@class="wrapper"]/div/div/div[2]/form/button'.</msg>
<status status="PASS" starttime="20230713 17:39:29.329" endtime="20230713 17:39:29.384"/>
</kw>
<kw name="Sleep" library="BuiltIn">
<arg>5</arg>
<doc>Pauses the test executed for the given time.</doc>
<msg timestamp="20230713 17:39:34.385" level="INFO">Slept 5 seconds</msg>
<status status="PASS" starttime="20230713 17:39:29.384" endtime="20230713 17:39:34.386"/>
</kw>
<status status="PASS" starttime="20230713 17:39:28.864" endtime="20230713 17:39:34.387"/>
</kw>
<kw name="logout">
<kw name="Wait Until Page Contains Element" library="SeleniumLibrary">
<arg>${profile_icon}</arg>
<doc>Waits until the element ``locator`` appears on the current page.</doc>
<status status="PASS" starttime="20230713 17:39:34.389" endtime="20230713 17:39:34.398"/>
</kw>
<kw name="Click Element" library="SeleniumLibrary">
<arg>${profile_icon}</arg>
<doc>Click the element identified by ``locator``.</doc>
<msg timestamp="20230713 17:39:34.400" level="INFO">Clicking element '//*[@class="nav-end"]/button'.</msg>
<status status="PASS" starttime="20230713 17:39:34.399" endtime="20230713 17:39:34.459"/>
</kw>
<kw name="Wait Until Page Contains Element" library="SeleniumLibrary">
<arg>${logout_button}</arg>
<doc>Waits until the element ``locator`` appears on the current page.</doc>
<msg timestamp="20230713 17:39:39.784" level="INFO" html="true">&lt;/td&gt;&lt;/tr&gt;&lt;tr&gt;&lt;td colspan="3"&gt;&lt;a href="selenium-screenshot-4.png"&gt;&lt;img src="selenium-screenshot-4.png" width="800px"&gt;&lt;/a&gt;</msg>
<msg timestamp="20230713 17:39:39.787" level="FAIL">Element '/html/body/div[3]/div[3]/ul/li[2]' did not appear in 5 seconds.</msg>
<status status="FAIL" starttime="20230713 17:39:34.459" endtime="20230713 17:39:39.788"/>
</kw>
<kw name="Click Element" library="SeleniumLibrary">
<arg>${logout_button}</arg>
<doc>Click the element identified by ``locator``.</doc>
<status status="NOT RUN" starttime="20230713 17:39:39.789" endtime="20230713 17:39:39.789"/>
</kw>
<kw name="Sleep" library="BuiltIn">
<arg>5</arg>
<doc>Pauses the test executed for the given time.</doc>
<status status="NOT RUN" starttime="20230713 17:39:39.789" endtime="20230713 17:39:39.789"/>
</kw>
<status status="FAIL" starttime="20230713 17:39:34.388" endtime="20230713 17:39:39.789"/>
</kw>
<status status="FAIL" starttime="20230713 17:39:27.232" endtime="20230713 17:39:39.789">Element '/html/body/div[3]/div[3]/ul/li[2]' did not appear in 5 seconds.</status>
</test>
<doc>login</doc>
<status status="FAIL" starttime="20230713 17:39:27.137" endtime="20230713 17:39:39.791"/>
</suite>
<statistics>
<total>
<stat pass="0" fail="1" skip="0">All Tests</stat>
</total>
<tag>
</tag>
<suite>
<stat pass="0" fail="1" skip="0" id="s1" name="Login">Login</stat>
</suite>
</statistics>
<errors>
</errors>
</robot>
