<?xml version="1.0" encoding="UTF-8"?>
<robot generator="Robot 6.0.2 (Python 3.10.6 on linux)" generated="20230718 16:09:40.120" rpa="false" schemaversion="3">
<suite id="s1" name="Wallet" source="/home/ikmal/Desktop/DRCautomation/wallet.robot">
<test id="s1-t1" name="Verify if Add and Subtract Icon Is Able Increase and Decrease Amount" line="171">
<kw name="Go To Website">
<kw name="Open Browser" library="SeleniumLibrary">
<arg>https://crypthub-app.vercel.app/</arg>
<arg>chrome</arg>
<doc>Opens a new browser instance to the optional ``url``.</doc>
<msg timestamp="20230718 16:09:40.236" level="INFO">Opening browser 'chrome' to base url 'https://crypthub-app.vercel.app/'.</msg>
<status status="PASS" starttime="20230718 16:09:40.235" endtime="20230718 16:09:42.319"/>
</kw>
<kw name="Set Window Size" library="SeleniumLibrary">
<arg>1280</arg>
<arg>1024</arg>
<doc>Sets current windows size to given ``width`` and ``height``.</doc>
<status status="PASS" starttime="20230718 16:09:42.319" endtime="20230718 16:09:42.436"/>
</kw>
<status status="PASS" starttime="20230718 16:09:40.235" endtime="20230718 16:09:42.436"/>
</kw>
<kw name="Login with first password">
<kw name="Wait Until Page Contains Element" library="SeleniumLibrary">
<arg>${logo}</arg>
<doc>Waits until the element ``locator`` appears on the current page.</doc>
<status status="PASS" starttime="20230718 16:09:42.437" endtime="20230718 16:09:42.455"/>
</kw>
<kw name="Wait Until Element Is Visible" library="SeleniumLibrary">
<arg>${logo}</arg>
<doc>Waits until the element ``locator`` is visible.</doc>
<status status="PASS" starttime="20230718 16:09:42.455" endtime="20230718 16:09:42.478"/>
</kw>
<kw name="Click Element" library="SeleniumLibrary">
<arg>${login}</arg>
<doc>Click the element identified by ``locator``.</doc>
<msg timestamp="20230718 16:09:42.480" level="INFO">Clicking element '//*[@class="nav-end"]/button'.</msg>
<status status="PASS" starttime="20230718 16:09:42.479" endtime="20230718 16:09:42.565"/>
</kw>
<kw name="Wait Until Element Is Visible" library="SeleniumLibrary">
<arg>${login_popup}</arg>
<doc>Waits until the element ``locator`` is visible.</doc>
<status status="PASS" starttime="20230718 16:09:42.566" endtime="20230718 16:09:42.594"/>
</kw>
<kw name="Input Text" library="SeleniumLibrary">
<arg>${login_email}</arg>
<arg>asyurajohane@gmail.com</arg>
<doc>Types the given ``text`` into the text field identified by ``locator``.</doc>
<msg timestamp="20230718 16:09:42.595" level="INFO">Typing text 'asyurajohane@gmail.com' into text field '//*[@name="email"]'.</msg>
<status status="PASS" starttime="20230718 16:09:42.594" endtime="20230718 16:09:42.819"/>
</kw>
<kw name="Input Password" library="SeleniumLibrary">
<arg>${login_password}</arg>
<arg>Ikmal12!</arg>
<doc>Types the given password into the text field identified by ``locator``.</doc>
<msg timestamp="20230718 16:09:42.819" level="INFO">Typing password into text field '//*[@name="password"]'.</msg>
<msg timestamp="20230718 16:09:42.862" level="INFO">Temporally setting log level to: NONE</msg>
<msg timestamp="20230718 16:09:42.923" level="INFO">Log level changed from NONE to INFO.</msg>
<status status="PASS" starttime="20230718 16:09:42.819" endtime="20230718 16:09:42.924"/>
</kw>
<kw name="Click Element" library="SeleniumLibrary">
<arg>${login_button}</arg>
<doc>Click the element identified by ``locator``.</doc>
<msg timestamp="20230718 16:09:42.926" level="INFO">Clicking element '//*[@class="mt-10 form"]/button'.</msg>
<status status="PASS" starttime="20230718 16:09:42.925" endtime="20230718 16:09:42.986"/>
</kw>
<kw name="Wait Until Element Is Visible" library="SeleniumLibrary">
<arg>${successful_login}</arg>
<doc>Waits until the element ``locator`` is visible.</doc>
<status status="PASS" starttime="20230718 16:09:42.986" endtime="20230718 16:09:43.652"/>
</kw>
<kw name="Click Element" library="SeleniumLibrary">
<arg>${skip_tour}</arg>
<doc>Click the element identified by ``locator``.</doc>
<msg timestamp="20230718 16:09:43.653" level="INFO">Clicking element '//button[text()="Skip"]'.</msg>
<status status="PASS" starttime="20230718 16:09:43.652" endtime="20230718 16:09:43.704"/>
</kw>
<status status="PASS" starttime="20230718 16:09:42.437" endtime="20230718 16:09:43.704"/>
</kw>
<kw name="Deposit Into Wallet">
<kw name="Wait Until Element Is Visible" library="SeleniumLibrary">
<arg>${wallet}</arg>
<arg>10</arg>
<doc>Waits until the element ``locator`` is visible.</doc>
<status status="PASS" starttime="20230718 16:09:43.705" endtime="20230718 16:09:43.729"/>
</kw>
<kw name="Click Element" library="SeleniumLibrary">
<arg>${wallet}</arg>
<doc>Click the element identified by ``locator``.</doc>
<msg timestamp="20230718 16:09:43.730" level="INFO">Clicking element '//*[@id="wallet"]'.</msg>
<status status="PASS" starttime="20230718 16:09:43.729" endtime="20230718 16:09:43.999"/>
</kw>
<kw name="Wait Until Element Is Visible" library="SeleniumLibrary">
<arg>${deposit_dropdown}</arg>
<arg>10</arg>
<doc>Waits until the element ``locator`` is visible.</doc>
<status status="PASS" starttime="20230718 16:09:43.999" endtime="20230718 16:09:44.019"/>
</kw>
<kw name="Click Element" library="SeleniumLibrary">
<arg>${deposit_dropdown}</arg>
<doc>Click the element identified by ``locator``.</doc>
<msg timestamp="20230718 16:09:44.020" level="INFO">Clicking element '//*[@role="listbox"]/button'.</msg>
<status status="PASS" starttime="20230718 16:09:44.019" endtime="20230718 16:09:44.071"/>
</kw>
<kw name="Wait Until Element Is Visible" library="SeleniumLibrary">
<arg>${wallet_input}</arg>
<arg>10</arg>
<doc>Waits until the element ``locator`` is visible.</doc>
<status status="PASS" starttime="20230718 16:09:44.071" endtime="20230718 16:09:44.324"/>
</kw>
<status status="PASS" starttime="20230718 16:09:43.705" endtime="20230718 16:09:44.325"/>
</kw>
<for flavor="IN RANGE">
<var>${i}</var>
<value>1</value>
<value>11</value>
<iter>
<var name="${i}">1</var>
<kw name="Click Element" library="SeleniumLibrary">
<arg>${add_icon}</arg>
<doc>Click the element identified by ``locator``.</doc>
<msg timestamp="20230718 16:09:44.330" level="INFO">Clicking element '(//*[@class="deposit-input-box MuiBox-root css-0"]/button[2])[2]'.</msg>
<status status="PASS" starttime="20230718 16:09:44.328" endtime="20230718 16:09:44.387"/>
</kw>
<kw name="Sleep" library="BuiltIn">
<arg>0.4</arg>
<doc>Pauses the test executed for the given time.</doc>
<msg timestamp="20230718 16:09:44.788" level="INFO">Slept 400 milliseconds</msg>
<status status="PASS" starttime="20230718 16:09:44.387" endtime="20230718 16:09:44.789"/>
</kw>
<status status="PASS" starttime="20230718 16:09:44.327" endtime="20230718 16:09:44.789"/>
</iter>
<iter>
<var name="${i}">2</var>
<kw name="Click Element" library="SeleniumLibrary">
<arg>${add_icon}</arg>
<doc>Click the element identified by ``locator``.</doc>
<msg timestamp="20230718 16:09:44.792" level="INFO">Clicking element '(//*[@class="deposit-input-box MuiBox-root css-0"]/button[2])[2]'.</msg>
<status status="PASS" starttime="20230718 16:09:44.790" endtime="20230718 16:09:44.851"/>
</kw>
<kw name="Sleep" library="BuiltIn">
<arg>0.4</arg>
<doc>Pauses the test executed for the given time.</doc>
<msg timestamp="20230718 16:09:45.252" level="INFO">Slept 400 milliseconds</msg>
<status status="PASS" starttime="20230718 16:09:44.851" endtime="20230718 16:09:45.252"/>
</kw>
<status status="PASS" starttime="20230718 16:09:44.790" endtime="20230718 16:09:45.253"/>
</iter>
<iter>
<var name="${i}">3</var>
<kw name="Click Element" library="SeleniumLibrary">
<arg>${add_icon}</arg>
<doc>Click the element identified by ``locator``.</doc>
<msg timestamp="20230718 16:09:45.255" level="INFO">Clicking element '(//*[@class="deposit-input-box MuiBox-root css-0"]/button[2])[2]'.</msg>
<status status="PASS" starttime="20230718 16:09:45.254" endtime="20230718 16:09:45.313"/>
</kw>
<kw name="Sleep" library="BuiltIn">
<arg>0.4</arg>
<doc>Pauses the test executed for the given time.</doc>
<msg timestamp="20230718 16:09:45.714" level="INFO">Slept 400 milliseconds</msg>
<status status="PASS" starttime="20230718 16:09:45.313" endtime="20230718 16:09:45.715"/>
</kw>
<status status="PASS" starttime="20230718 16:09:45.253" endtime="20230718 16:09:45.717"/>
</iter>
<iter>
<var name="${i}">4</var>
<kw name="Click Element" library="SeleniumLibrary">
<arg>${add_icon}</arg>
<doc>Click the element identified by ``locator``.</doc>
<msg timestamp="20230718 16:09:45.720" level="INFO">Clicking element '(//*[@class="deposit-input-box MuiBox-root css-0"]/button[2])[2]'.</msg>
<status status="PASS" starttime="20230718 16:09:45.718" endtime="20230718 16:09:45.799"/>
</kw>
<kw name="Sleep" library="BuiltIn">
<arg>0.4</arg>
<doc>Pauses the test executed for the given time.</doc>
<msg timestamp="20230718 16:09:46.200" level="INFO">Slept 400 milliseconds</msg>
<status status="PASS" starttime="20230718 16:09:45.800" endtime="20230718 16:09:46.201"/>
</kw>
<status status="PASS" starttime="20230718 16:09:45.718" endtime="20230718 16:09:46.201"/>
</iter>
<iter>
<var name="${i}">5</var>
<kw name="Click Element" library="SeleniumLibrary">
<arg>${add_icon}</arg>
<doc>Click the element identified by ``locator``.</doc>
<msg timestamp="20230718 16:09:46.233" level="INFO">Clicking element '(//*[@class="deposit-input-box MuiBox-root css-0"]/button[2])[2]'.</msg>
<status status="PASS" starttime="20230718 16:09:46.202" endtime="20230718 16:09:46.268"/>
</kw>
<kw name="Sleep" library="BuiltIn">
<arg>0.4</arg>
<doc>Pauses the test executed for the given time.</doc>
<msg timestamp="20230718 16:09:46.668" level="INFO">Slept 400 milliseconds</msg>
<status status="PASS" starttime="20230718 16:09:46.268" endtime="20230718 16:09:46.668"/>
</kw>
<status status="PASS" starttime="20230718 16:09:46.202" endtime="20230718 16:09:46.669"/>
</iter>
<iter>
<var name="${i}">6</var>
<kw name="Click Element" library="SeleniumLibrary">
<arg>${add_icon}</arg>
<doc>Click the element identified by ``locator``.</doc>
<msg timestamp="20230718 16:09:46.669" level="INFO">Clicking element '(//*[@class="deposit-input-box MuiBox-root css-0"]/button[2])[2]'.</msg>
<status status="PASS" starttime="20230718 16:09:46.669" endtime="20230718 16:09:46.718"/>
</kw>
<kw name="Sleep" library="BuiltIn">
<arg>0.4</arg>
<doc>Pauses the test executed for the given time.</doc>
<msg timestamp="20230718 16:09:47.118" level="INFO">Slept 400 milliseconds</msg>
<status status="PASS" starttime="20230718 16:09:46.718" endtime="20230718 16:09:47.119"/>
</kw>
<status status="PASS" starttime="20230718 16:09:46.669" endtime="20230718 16:09:47.119"/>
</iter>
<iter>
<var name="${i}">7</var>
<kw name="Click Element" library="SeleniumLibrary">
<arg>${add_icon}</arg>
<doc>Click the element identified by ``locator``.</doc>
<msg timestamp="20230718 16:09:47.123" level="INFO">Clicking element '(//*[@class="deposit-input-box MuiBox-root css-0"]/button[2])[2]'.</msg>
<status status="PASS" starttime="20230718 16:09:47.121" endtime="20230718 16:09:47.180"/>
</kw>
<kw name="Sleep" library="BuiltIn">
<arg>0.4</arg>
<doc>Pauses the test executed for the given time.</doc>
<msg timestamp="20230718 16:09:47.582" level="INFO">Slept 400 milliseconds</msg>
<status status="PASS" starttime="20230718 16:09:47.181" endtime="20230718 16:09:47.582"/>
</kw>
<status status="PASS" starttime="20230718 16:09:47.120" endtime="20230718 16:09:47.583"/>
</iter>
<iter>
<var name="${i}">8</var>
<kw name="Click Element" library="SeleniumLibrary">
<arg>${add_icon}</arg>
<doc>Click the element identified by ``locator``.</doc>
<msg timestamp="20230718 16:09:47.585" level="INFO">Clicking element '(//*[@class="deposit-input-box MuiBox-root css-0"]/button[2])[2]'.</msg>
<status status="PASS" starttime="20230718 16:09:47.584" endtime="20230718 16:09:47.650"/>
</kw>
<kw name="Sleep" library="BuiltIn">
<arg>0.4</arg>
<doc>Pauses the test executed for the given time.</doc>
<msg timestamp="20230718 16:09:48.051" level="INFO">Slept 400 milliseconds</msg>
<status status="PASS" starttime="20230718 16:09:47.651" endtime="20230718 16:09:48.052"/>
</kw>
<status status="PASS" starttime="20230718 16:09:47.583" endtime="20230718 16:09:48.052"/>
</iter>
<iter>
<var name="${i}">9</var>
<kw name="Click Element" library="SeleniumLibrary">
<arg>${add_icon}</arg>
<doc>Click the element identified by ``locator``.</doc>
<msg timestamp="20230718 16:09:48.055" level="INFO">Clicking element '(//*[@class="deposit-input-box MuiBox-root css-0"]/button[2])[2]'.</msg>
<status status="PASS" starttime="20230718 16:09:48.053" endtime="20230718 16:09:48.149"/>
</kw>
<kw name="Sleep" library="BuiltIn">
<arg>0.4</arg>
<doc>Pauses the test executed for the given time.</doc>
<msg timestamp="20230718 16:09:48.549" level="INFO">Slept 400 milliseconds</msg>
<status status="PASS" starttime="20230718 16:09:48.149" endtime="20230718 16:09:48.550"/>
</kw>
<status status="PASS" starttime="20230718 16:09:48.052" endtime="20230718 16:09:48.550"/>
</iter>
<iter>
<var name="${i}">10</var>
<kw name="Click Element" library="SeleniumLibrary">
<arg>${add_icon}</arg>
<doc>Click the element identified by ``locator``.</doc>
<msg timestamp="20230718 16:09:48.553" level="INFO">Clicking element '(//*[@class="deposit-input-box MuiBox-root css-0"]/button[2])[2]'.</msg>
<status status="PASS" starttime="20230718 16:09:48.551" endtime="20230718 16:09:48.607"/>
</kw>
<kw name="Sleep" library="BuiltIn">
<arg>0.4</arg>
<doc>Pauses the test executed for the given time.</doc>
<msg timestamp="20230718 16:09:49.009" level="INFO">Slept 400 milliseconds</msg>
<status status="PASS" starttime="20230718 16:09:48.608" endtime="20230718 16:09:49.010"/>
</kw>
<status status="PASS" starttime="20230718 16:09:48.551" endtime="20230718 16:09:49.010"/>
</iter>
<status status="PASS" starttime="20230718 16:09:44.326" endtime="20230718 16:09:49.011"/>
</for>
<for flavor="IN RANGE">
<var>${i}</var>
<value>1</value>
<value>11</value>
<iter>
<var name="${i}">1</var>
<kw name="Click Element" library="SeleniumLibrary">
<arg>${subtract_icon}</arg>
<doc>Click the element identified by ``locator``.</doc>
<msg timestamp="20230718 16:09:49.014" level="INFO">Clicking element '(//*[@class="deposit-input-box MuiBox-root css-0"]/button[1])[2]'.</msg>
<status status="PASS" starttime="20230718 16:09:49.013" endtime="20230718 16:09:49.084"/>
</kw>
<kw name="Sleep" library="BuiltIn">
<arg>0.4</arg>
<doc>Pauses the test executed for the given time.</doc>
<msg timestamp="20230718 16:09:49.486" level="INFO">Slept 400 milliseconds</msg>
<status status="PASS" starttime="20230718 16:09:49.085" endtime="20230718 16:09:49.486"/>
</kw>
<status status="PASS" starttime="20230718 16:09:49.012" endtime="20230718 16:09:49.486"/>
</iter>
<iter>
<var name="${i}">2</var>
<kw name="Click Element" library="SeleniumLibrary">
<arg>${subtract_icon}</arg>
<doc>Click the element identified by ``locator``.</doc>
<msg timestamp="20230718 16:09:49.488" level="INFO">Clicking element '(//*[@class="deposit-input-box MuiBox-root css-0"]/button[1])[2]'.</msg>
<status status="PASS" starttime="20230718 16:09:49.487" endtime="20230718 16:09:49.566"/>
</kw>
<kw name="Sleep" library="BuiltIn">
<arg>0.4</arg>
<doc>Pauses the test executed for the given time.</doc>
<msg timestamp="20230718 16:09:49.967" level="INFO">Slept 400 milliseconds</msg>
<status status="PASS" starttime="20230718 16:09:49.567" endtime="20230718 16:09:49.968"/>
</kw>
<status status="PASS" starttime="20230718 16:09:49.487" endtime="20230718 16:09:49.968"/>
</iter>
<iter>
<var name="${i}">3</var>
<kw name="Click Element" library="SeleniumLibrary">
<arg>${subtract_icon}</arg>
<doc>Click the element identified by ``locator``.</doc>
<msg timestamp="20230718 16:09:49.972" level="INFO">Clicking element '(//*[@class="deposit-input-box MuiBox-root css-0"]/button[1])[2]'.</msg>
<status status="PASS" starttime="20230718 16:09:49.970" endtime="20230718 16:09:50.019"/>
</kw>
<kw name="Sleep" library="BuiltIn">
<arg>0.4</arg>
<doc>Pauses the test executed for the given time.</doc>
<msg timestamp="20230718 16:09:50.421" level="INFO">Slept 400 milliseconds</msg>
<status status="PASS" starttime="20230718 16:09:50.020" endtime="20230718 16:09:50.421"/>
</kw>
<status status="PASS" starttime="20230718 16:09:49.969" endtime="20230718 16:09:50.422"/>
</iter>
<iter>
<var name="${i}">4</var>
<kw name="Click Element" library="SeleniumLibrary">
<arg>${subtract_icon}</arg>
<doc>Click the element identified by ``locator``.</doc>
<msg timestamp="20230718 16:09:50.426" level="INFO">Clicking element '(//*[@class="deposit-input-box MuiBox-root css-0"]/button[1])[2]'.</msg>
<status status="PASS" starttime="20230718 16:09:50.423" endtime="20230718 16:09:50.465"/>
</kw>
<kw name="Sleep" library="BuiltIn">
<arg>0.4</arg>
<doc>Pauses the test executed for the given time.</doc>
<msg timestamp="20230718 16:09:50.865" level="INFO">Slept 400 milliseconds</msg>
<status status="PASS" starttime="20230718 16:09:50.465" endtime="20230718 16:09:50.866"/>
</kw>
<status status="PASS" starttime="20230718 16:09:50.422" endtime="20230718 16:09:50.866"/>
</iter>
<iter>
<var name="${i}">5</var>
<kw name="Click Element" library="SeleniumLibrary">
<arg>${subtract_icon}</arg>
<doc>Click the element identified by ``locator``.</doc>
<msg timestamp="20230718 16:09:50.868" level="INFO">Clicking element '(//*[@class="deposit-input-box MuiBox-root css-0"]/button[1])[2]'.</msg>
<status status="PASS" starttime="20230718 16:09:50.866" endtime="20230718 16:09:50.912"/>
</kw>
<kw name="Sleep" library="BuiltIn">
<arg>0.4</arg>
<doc>Pauses the test executed for the given time.</doc>
<msg timestamp="20230718 16:09:51.313" level="INFO">Slept 400 milliseconds</msg>
<status status="PASS" starttime="20230718 16:09:50.912" endtime="20230718 16:09:51.313"/>
</kw>
<status status="PASS" starttime="20230718 16:09:50.866" endtime="20230718 16:09:51.314"/>
</iter>
<iter>
<var name="${i}">6</var>
<kw name="Click Element" library="SeleniumLibrary">
<arg>${subtract_icon}</arg>
<doc>Click the element identified by ``locator``.</doc>
<msg timestamp="20230718 16:09:51.316" level="INFO">Clicking element '(//*[@class="deposit-input-box MuiBox-root css-0"]/button[1])[2]'.</msg>
<status status="PASS" starttime="20230718 16:09:51.315" endtime="20230718 16:09:51.360"/>
</kw>
<kw name="Sleep" library="BuiltIn">
<arg>0.4</arg>
<doc>Pauses the test executed for the given time.</doc>
<msg timestamp="20230718 16:09:51.761" level="INFO">Slept 400 milliseconds</msg>
<status status="PASS" starttime="20230718 16:09:51.360" endtime="20230718 16:09:51.761"/>
</kw>
<status status="PASS" starttime="20230718 16:09:51.314" endtime="20230718 16:09:51.762"/>
</iter>
<iter>
<var name="${i}">7</var>
<kw name="Click Element" library="SeleniumLibrary">
<arg>${subtract_icon}</arg>
<doc>Click the element identified by ``locator``.</doc>
<msg timestamp="20230718 16:09:51.764" level="INFO">Clicking element '(//*[@class="deposit-input-box MuiBox-root css-0"]/button[1])[2]'.</msg>
<status status="PASS" starttime="20230718 16:09:51.763" endtime="20230718 16:09:51.821"/>
</kw>
<kw name="Sleep" library="BuiltIn">
<arg>0.4</arg>
<doc>Pauses the test executed for the given time.</doc>
<msg timestamp="20230718 16:09:52.222" level="INFO">Slept 400 milliseconds</msg>
<status status="PASS" starttime="20230718 16:09:51.821" endtime="20230718 16:09:52.223"/>
</kw>
<status status="PASS" starttime="20230718 16:09:51.762" endtime="20230718 16:09:52.224"/>
</iter>
<iter>
<var name="${i}">8</var>
<kw name="Click Element" library="SeleniumLibrary">
<arg>${subtract_icon}</arg>
<doc>Click the element identified by ``locator``.</doc>
<msg timestamp="20230718 16:09:52.226" level="INFO">Clicking element '(//*[@class="deposit-input-box MuiBox-root css-0"]/button[1])[2]'.</msg>
<status status="PASS" starttime="20230718 16:09:52.225" endtime="20230718 16:09:52.267"/>
</kw>
<kw name="Sleep" library="BuiltIn">
<arg>0.4</arg>
<doc>Pauses the test executed for the given time.</doc>
<msg timestamp="20230718 16:09:52.668" level="INFO">Slept 400 milliseconds</msg>
<status status="PASS" starttime="20230718 16:09:52.267" endtime="20230718 16:09:52.669"/>
</kw>
<status status="PASS" starttime="20230718 16:09:52.224" endtime="20230718 16:09:52.669"/>
</iter>
<iter>
<var name="${i}">9</var>
<kw name="Click Element" library="SeleniumLibrary">
<arg>${subtract_icon}</arg>
<doc>Click the element identified by ``locator``.</doc>
<msg timestamp="20230718 16:09:52.671" level="INFO">Clicking element '(//*[@class="deposit-input-box MuiBox-root css-0"]/button[1])[2]'.</msg>
<status status="PASS" starttime="20230718 16:09:52.670" endtime="20230718 16:09:52.713"/>
</kw>
<kw name="Sleep" library="BuiltIn">
<arg>0.4</arg>
<doc>Pauses the test executed for the given time.</doc>
<msg timestamp="20230718 16:09:53.114" level="INFO">Slept 400 milliseconds</msg>
<status status="PASS" starttime="20230718 16:09:52.713" endtime="20230718 16:09:53.114"/>
</kw>
<status status="PASS" starttime="20230718 16:09:52.669" endtime="20230718 16:09:53.115"/>
</iter>
<iter>
<var name="${i}">10</var>
<kw name="Click Element" library="SeleniumLibrary">
<arg>${subtract_icon}</arg>
<doc>Click the element identified by ``locator``.</doc>
<msg timestamp="20230718 16:09:53.119" level="INFO">Clicking element '(//*[@class="deposit-input-box MuiBox-root css-0"]/button[1])[2]'.</msg>
<status status="PASS" starttime="20230718 16:09:53.117" endtime="20230718 16:09:53.181"/>
</kw>
<kw name="Sleep" library="BuiltIn">
<arg>0.4</arg>
<doc>Pauses the test executed for the given time.</doc>
<msg timestamp="20230718 16:09:53.583" level="INFO">Slept 400 milliseconds</msg>
<status status="PASS" starttime="20230718 16:09:53.182" endtime="20230718 16:09:53.584"/>
</kw>
<status status="PASS" starttime="20230718 16:09:53.116" endtime="20230718 16:09:53.585"/>
</iter>
<status status="PASS" starttime="20230718 16:09:49.011" endtime="20230718 16:09:53.585"/>
</for>
<status status="PASS" starttime="20230718 16:09:40.234" endtime="20230718 16:09:53.586"/>
</test>
<doc>homepage</doc>
<status status="PASS" starttime="20230718 16:09:40.123" endtime="20230718 16:09:53.591"/>
</suite>
<statistics>
<total>
<stat pass="1" fail="0" skip="0">All Tests</stat>
</total>
<tag>
</tag>
<suite>
<stat pass="1" fail="0" skip="0" id="s1" name="Wallet">Wallet</stat>
</suite>
</statistics>
<errors>
</errors>
</robot>
