<?xml version="1.0" encoding="UTF-8"?>
<robot generator="Robot 6.0.2 (Python 3.10.6 on linux)" generated="20230714 22:49:04.178" rpa="false" schemaversion="3">
<suite id="s1" name="Homepage" source="/home/ikmal/Desktop/DRCautomation/homepage.robot">
<test id="s1-t1" name="Reset Password" line="163">
<kw name="Go To Website">
<kw name="Open Browser" library="SeleniumLibrary">
<arg>https://crypthub-app.vercel.app/</arg>
<arg>chrome</arg>
<doc>Opens a new browser instance to the optional ``url``.</doc>
<msg timestamp="20230714 22:49:04.296" level="INFO">Opening browser 'chrome' to base url 'https://crypthub-app.vercel.app/'.</msg>
<status status="PASS" starttime="20230714 22:49:04.295" endtime="20230714 22:49:06.543"/>
</kw>
<kw name="Set Window Size" library="SeleniumLibrary">
<arg>1280</arg>
<arg>1024</arg>
<doc>Sets current windows size to given ``width`` and ``height``.</doc>
<status status="PASS" starttime="20230714 22:49:06.543" endtime="20230714 22:49:06.660"/>
</kw>
<status status="PASS" starttime="20230714 22:49:04.295" endtime="20230714 22:49:06.660"/>
</kw>
<kw name="Login with first password">
<kw name="Wait Until Page Contains Element" library="SeleniumLibrary">
<arg>${logo}</arg>
<doc>Waits until the element ``locator`` appears on the current page.</doc>
<status status="PASS" starttime="20230714 22:49:06.662" endtime="20230714 22:49:06.678"/>
</kw>
<kw name="Wait Until Element Is Visible" library="SeleniumLibrary">
<arg>${logo}</arg>
<doc>Waits until the element ``locator`` is visible.</doc>
<status status="PASS" starttime="20230714 22:49:06.678" endtime="20230714 22:49:06.706"/>
</kw>
<kw name="Click Element" library="SeleniumLibrary">
<arg>${login}</arg>
<doc>Click the element identified by ``locator``.</doc>
<msg timestamp="20230714 22:49:06.707" level="INFO">Clicking element '//*[@class="nav-end"]/button'.</msg>
<status status="PASS" starttime="20230714 22:49:06.707" endtime="20230714 22:49:06.807"/>
</kw>
<kw name="Wait Until Element Is Visible" library="SeleniumLibrary">
<arg>${login_popup}</arg>
<doc>Waits until the element ``locator`` is visible.</doc>
<status status="PASS" starttime="20230714 22:49:06.807" endtime="20230714 22:49:06.843"/>
</kw>
<kw name="Input Text" library="SeleniumLibrary">
<arg>${login_email}</arg>
<arg>ikmal@besquare.com.my</arg>
<doc>Types the given ``text`` into the text field identified by ``locator``.</doc>
<msg timestamp="20230714 22:49:06.845" level="INFO">Typing text 'ikmal@besquare.com.my' into text field '//*[@class="wrapper"]/div/div/div[2]/form/div/div/div/input'.</msg>
<status status="PASS" starttime="20230714 22:49:06.844" endtime="20230714 22:49:06.990"/>
</kw>
<kw name="Input Password" library="SeleniumLibrary">
<arg>${login_password}</arg>
<arg>Ikmal12!</arg>
<doc>Types the given password into the text field identified by ``locator``.</doc>
<msg timestamp="20230714 22:49:06.992" level="INFO">Typing password into text field '//*[@class="wrapper"]/div/div/div[2]/form/div[2]/div/div/input'.</msg>
<msg timestamp="20230714 22:49:07.039" level="INFO">Temporally setting log level to: NONE</msg>
<msg timestamp="20230714 22:49:07.102" level="INFO">Log level changed from NONE to INFO.</msg>
<status status="PASS" starttime="20230714 22:49:06.991" endtime="20230714 22:49:07.103"/>
</kw>
<kw name="Click Element" library="SeleniumLibrary">
<arg>${login_button}</arg>
<doc>Click the element identified by ``locator``.</doc>
<msg timestamp="20230714 22:49:07.105" level="INFO">Clicking element '//*[@class="wrapper"]/div/div/div[2]/form/button'.</msg>
<status status="PASS" starttime="20230714 22:49:07.104" endtime="20230714 22:49:07.178"/>
</kw>
<status status="PASS" starttime="20230714 22:49:06.661" endtime="20230714 22:49:07.178"/>
</kw>
<kw name="Sleep" library="BuiltIn">
<arg>3</arg>
<doc>Pauses the test executed for the given time.</doc>
<msg timestamp="20230714 22:49:10.180" level="INFO">Slept 3 seconds</msg>
<status status="PASS" starttime="20230714 22:49:07.179" endtime="20230714 22:49:10.180"/>
</kw>
<kw name="To Profile Page">
<kw name="Click Element" library="SeleniumLibrary">
<arg>${profile_icon}</arg>
<doc>Click the element identified by ``locator``.</doc>
<msg timestamp="20230714 22:49:10.183" level="INFO">Clicking element '//*[@class="nav-end"]/button/div'.</msg>
<status status="PASS" starttime="20230714 22:49:10.182" endtime="20230714 22:49:10.253"/>
</kw>
<kw name="Wait Until Element Is Enabled" library="SeleniumLibrary">
<arg>${profile_button}</arg>
<doc>Waits until the element ``locator`` is enabled.</doc>
<status status="PASS" starttime="20230714 22:49:10.253" endtime="20230714 22:49:10.288"/>
</kw>
<kw name="Click Element" library="SeleniumLibrary">
<arg>${profile_button}</arg>
<doc>Click the element identified by ``locator``.</doc>
<msg timestamp="20230714 22:49:10.288" level="INFO">Clicking element '//*[@class="MuiPopover-root MuiMenu-root MuiModal-root css-1sucic7"]/div[3]/ul/li'.</msg>
<status status="PASS" starttime="20230714 22:49:10.288" endtime="20230714 22:49:10.437"/>
</kw>
<status status="PASS" starttime="20230714 22:49:10.181" endtime="20230714 22:49:10.437"/>
</kw>
<kw name="Wait Until Element Is Enabled" library="SeleniumLibrary">
<arg>${reset_password_tab}</arg>
<doc>Waits until the element ``locator`` is enabled.</doc>
<status status="PASS" starttime="20230714 22:49:10.437" endtime="20230714 22:49:10.471"/>
</kw>
<kw name="Click Element" library="SeleniumLibrary">
<arg>${reset_password_tab}</arg>
<doc>Click the element identified by ``locator``.</doc>
<msg timestamp="20230714 22:49:10.472" level="INFO">Clicking element '//*[@id="vertical-tab-3"]'.</msg>
<status status="PASS" starttime="20230714 22:49:10.472" endtime="20230714 22:49:10.756"/>
</kw>
<kw name="Wait Until Page Contains Element" library="SeleniumLibrary">
<arg>${current_password}</arg>
<doc>Waits until the element ``locator`` appears on the current page.</doc>
<status status="PASS" starttime="20230714 22:49:10.757" endtime="20230714 22:49:10.774"/>
</kw>
<kw name="Input Text" library="SeleniumLibrary">
<arg>${current_password}</arg>
<arg>Ikmal12!</arg>
<doc>Types the given ``text`` into the text field identified by ``locator``.</doc>
<msg timestamp="20230714 22:49:10.776" level="INFO">Typing text 'Ikmal12!' into text field '//*[@class="mt-10 reset-password-form"]/div[1]/div/div/input'.</msg>
<status status="PASS" starttime="20230714 22:49:10.775" endtime="20230714 22:49:10.860"/>
</kw>
<kw name="Input Text" library="SeleniumLibrary">
<arg>${new_password}</arg>
<arg>Lamki12!</arg>
<doc>Types the given ``text`` into the text field identified by ``locator``.</doc>
<msg timestamp="20230714 22:49:10.863" level="INFO">Typing text 'Lamki12!' into text field '//*[@class="mt-10 reset-password-form"]/div[2]/div/div/input'.</msg>
<status status="PASS" starttime="20230714 22:49:10.861" endtime="20230714 22:49:10.945"/>
</kw>
<kw name="Input Text" library="SeleniumLibrary">
<arg>${repeat_password}</arg>
<arg>Lamki12!</arg>
<doc>Types the given ``text`` into the text field identified by ``locator``.</doc>
<msg timestamp="20230714 22:49:10.948" level="INFO">Typing text 'Lamki12!' into text field '//*[@class="mt-10 reset-password-form"]/div[3]/div/div/input'.</msg>
<status status="PASS" starttime="20230714 22:49:10.946" endtime="20230714 22:49:11.037"/>
</kw>
<kw name="Click Button" library="SeleniumLibrary">
<arg>${reset_button}</arg>
<doc>Clicks the button identified by ``locator``.</doc>
<msg timestamp="20230714 22:49:11.039" level="INFO">Clicking button '//*[@class="mt-10 reset-password-form"]/button'.</msg>
<status status="PASS" starttime="20230714 22:49:11.038" endtime="20230714 22:49:11.119"/>
</kw>
<kw name="Wait Until Element Is Visible" library="SeleniumLibrary">
<arg>${successful_reset}</arg>
<doc>Waits until the element ``locator`` is visible.</doc>
<status status="PASS" starttime="20230714 22:49:11.120" endtime="20230714 22:49:11.574"/>
</kw>
<kw name="Sleep" library="BuiltIn">
<arg>3</arg>
<doc>Pauses the test executed for the given time.</doc>
<msg timestamp="20230714 22:49:14.575" level="INFO">Slept 3 seconds</msg>
<status status="PASS" starttime="20230714 22:49:11.575" endtime="20230714 22:49:14.576"/>
</kw>
<kw name="Logout">
<kw name="Wait Until Element Is Visible" library="SeleniumLibrary">
<arg>${profile_icon}</arg>
<doc>Waits until the element ``locator`` is visible.</doc>
<status status="PASS" starttime="20230714 22:49:14.580" endtime="20230714 22:49:14.607"/>
</kw>
<kw name="Click Element" library="SeleniumLibrary">
<arg>${profile_icon}</arg>
<doc>Click the element identified by ``locator``.</doc>
<msg timestamp="20230714 22:49:14.609" level="INFO">Clicking element '//*[@class="nav-end"]/button/div'.</msg>
<status status="PASS" starttime="20230714 22:49:14.608" endtime="20230714 22:49:14.650"/>
</kw>
<kw name="Wait Until Element Is Visible" library="SeleniumLibrary">
<arg>${logout_button}</arg>
<doc>Waits until the element ``locator`` is visible.</doc>
<status status="PASS" starttime="20230714 22:49:14.651" endtime="20230714 22:49:14.670"/>
</kw>
<kw name="Click Element" library="SeleniumLibrary">
<arg>${logout_button}</arg>
<doc>Click the element identified by ``locator``.</doc>
<msg timestamp="20230714 22:49:14.671" level="INFO">Clicking element '//*[@class="MuiPopover-root MuiMenu-root MuiModal-root css-1sucic7"]/div[3]/ul/li[2]'.</msg>
<status status="PASS" starttime="20230714 22:49:14.670" endtime="20230714 22:49:14.713"/>
</kw>
<status status="PASS" starttime="20230714 22:49:14.578" endtime="20230714 22:49:14.713"/>
</kw>
<kw name="Sleep" library="BuiltIn">
<arg>3</arg>
<doc>Pauses the test executed for the given time.</doc>
<msg timestamp="20230714 22:49:17.715" level="INFO">Slept 3 seconds</msg>
<status status="PASS" starttime="20230714 22:49:14.714" endtime="20230714 22:49:17.716"/>
</kw>
<kw name="Login with second password">
<kw name="Wait Until Page Contains Element" library="SeleniumLibrary">
<arg>${logo}</arg>
<doc>Waits until the element ``locator`` appears on the current page.</doc>
<status status="PASS" starttime="20230714 22:49:17.718" endtime="20230714 22:49:17.733"/>
</kw>
<kw name="Wait Until Element Is Visible" library="SeleniumLibrary">
<arg>${logo}</arg>
<doc>Waits until the element ``locator`` is visible.</doc>
<status status="PASS" starttime="20230714 22:49:17.733" endtime="20230714 22:49:17.752"/>
</kw>
<kw name="Click Element" library="SeleniumLibrary">
<arg>${login}</arg>
<doc>Click the element identified by ``locator``.</doc>
<msg timestamp="20230714 22:49:17.753" level="INFO">Clicking element '//*[@class="nav-end"]/button'.</msg>
<status status="PASS" starttime="20230714 22:49:17.752" endtime="20230714 22:49:17.807"/>
</kw>
<kw name="Wait Until Element Is Visible" library="SeleniumLibrary">
<arg>${login_popup}</arg>
<doc>Waits until the element ``locator`` is visible.</doc>
<status status="PASS" starttime="20230714 22:49:17.808" endtime="20230714 22:49:17.828"/>
</kw>
<kw name="Input Text" library="SeleniumLibrary">
<arg>${login_email}</arg>
<arg>ikmal@besquare.com.my</arg>
<doc>Types the given ``text`` into the text field identified by ``locator``.</doc>
<msg timestamp="20230714 22:49:17.829" level="INFO">Typing text 'ikmal@besquare.com.my' into text field '//*[@class="wrapper"]/div/div/div[2]/form/div/div/div/input'.</msg>
<status status="PASS" starttime="20230714 22:49:17.829" endtime="20230714 22:49:17.951"/>
</kw>
<kw name="Input Password" library="SeleniumLibrary">
<arg>${login_password}</arg>
<arg>Lamki12!</arg>
<doc>Types the given password into the text field identified by ``locator``.</doc>
<msg timestamp="20230714 22:49:17.951" level="INFO">Typing password into text field '//*[@class="wrapper"]/div/div/div[2]/form/div[2]/div/div/input'.</msg>
<msg timestamp="20230714 22:49:17.997" level="INFO">Temporally setting log level to: NONE</msg>
<msg timestamp="20230714 22:49:18.053" level="INFO">Log level changed from NONE to INFO.</msg>
<status status="PASS" starttime="20230714 22:49:17.951" endtime="20230714 22:49:18.053"/>
</kw>
<kw name="Click Element" library="SeleniumLibrary">
<arg>${login_button}</arg>
<doc>Click the element identified by ``locator``.</doc>
<msg timestamp="20230714 22:49:18.053" level="INFO">Clicking element '//*[@class="wrapper"]/div/div/div[2]/form/button'.</msg>
<status status="PASS" starttime="20230714 22:49:18.053" endtime="20230714 22:49:18.127"/>
</kw>
<status status="PASS" starttime="20230714 22:49:17.717" endtime="20230714 22:49:18.127"/>
</kw>
<status status="PASS" starttime="20230714 22:49:04.294" endtime="20230714 22:49:18.128"/>
</test>
<doc>homepage</doc>
<status status="PASS" starttime="20230714 22:49:04.180" endtime="20230714 22:49:18.129"/>
</suite>
<statistics>
<total>
<stat pass="1" fail="0" skip="0">All Tests</stat>
</total>
<tag>
</tag>
<suite>
<stat pass="1" fail="0" skip="0" id="s1" name="Homepage">Homepage</stat>
</suite>
</statistics>
<errors>
</errors>
</robot>
