<?xml version="1.0" encoding="UTF-8"?>
<robot generator="Robot 6.0.2 (Python 3.10.6 on linux)" generated="20230717 16:03:46.402" rpa="false" schemaversion="3">
<suite id="s1" name="Wallet" source="/home/ikmal/Desktop/DRCautomation/wallet.robot">
<test id="s1-t1" name="Buy a contract" line="166">
<kw name="Go To Website">
<kw name="Open Browser" library="SeleniumLibrary">
<arg>https://crypthub-app.vercel.app/</arg>
<arg>chrome</arg>
<doc>Opens a new browser instance to the optional ``url``.</doc>
<msg timestamp="20230717 16:03:46.548" level="INFO">Opening browser 'chrome' to base url 'https://crypthub-app.vercel.app/'.</msg>
<status status="PASS" starttime="20230717 16:03:46.547" endtime="20230717 16:03:48.518"/>
</kw>
<kw name="Set Window Size" library="SeleniumLibrary">
<arg>1280</arg>
<arg>1024</arg>
<doc>Sets current windows size to given ``width`` and ``height``.</doc>
<status status="PASS" starttime="20230717 16:03:48.518" endtime="20230717 16:03:48.633"/>
</kw>
<status status="PASS" starttime="20230717 16:03:46.547" endtime="20230717 16:03:48.634"/>
</kw>
<kw name="Login with first password">
<kw name="Wait Until Page Contains Element" library="SeleniumLibrary">
<arg>${logo}</arg>
<doc>Waits until the element ``locator`` appears on the current page.</doc>
<status status="PASS" starttime="20230717 16:03:48.634" endtime="20230717 16:03:48.650"/>
</kw>
<kw name="Wait Until Element Is Visible" library="SeleniumLibrary">
<arg>${logo}</arg>
<doc>Waits until the element ``locator`` is visible.</doc>
<status status="PASS" starttime="20230717 16:03:48.651" endtime="20230717 16:03:48.669"/>
</kw>
<kw name="Click Element" library="SeleniumLibrary">
<arg>${login}</arg>
<doc>Click the element identified by ``locator``.</doc>
<msg timestamp="20230717 16:03:48.670" level="INFO">Clicking element '//*[@class="nav-end"]/button'.</msg>
<status status="PASS" starttime="20230717 16:03:48.670" endtime="20230717 16:03:48.755"/>
</kw>
<kw name="Wait Until Element Is Visible" library="SeleniumLibrary">
<arg>${login_popup}</arg>
<doc>Waits until the element ``locator`` is visible.</doc>
<status status="PASS" starttime="20230717 16:03:48.755" endtime="20230717 16:03:48.790"/>
</kw>
<kw name="Input Text" library="SeleniumLibrary">
<arg>${login_email}</arg>
<arg>asyurajohane@gmail.com</arg>
<doc>Types the given ``text`` into the text field identified by ``locator``.</doc>
<msg timestamp="20230717 16:03:48.791" level="INFO">Typing text 'asyurajohane@gmail.com' into text field '//*[@name="email"]'.</msg>
<status status="PASS" starttime="20230717 16:03:48.791" endtime="20230717 16:03:48.931"/>
</kw>
<kw name="Input Password" library="SeleniumLibrary">
<arg>${login_password}</arg>
<arg>Ikmal12!</arg>
<doc>Types the given password into the text field identified by ``locator``.</doc>
<msg timestamp="20230717 16:03:48.932" level="INFO">Typing password into text field '//*[@name="password"]'.</msg>
<msg timestamp="20230717 16:03:48.963" level="INFO">Temporally setting log level to: NONE</msg>
<msg timestamp="20230717 16:03:49.032" level="INFO">Log level changed from NONE to INFO.</msg>
<status status="PASS" starttime="20230717 16:03:48.931" endtime="20230717 16:03:49.032"/>
</kw>
<kw name="Click Element" library="SeleniumLibrary">
<arg>${login_button}</arg>
<doc>Click the element identified by ``locator``.</doc>
<msg timestamp="20230717 16:03:49.033" level="INFO">Clicking element '//*[@class="mt-10 form"]/button'.</msg>
<status status="PASS" starttime="20230717 16:03:49.033" endtime="20230717 16:03:49.099"/>
</kw>
<kw name="Wait Until Element Is Visible" library="SeleniumLibrary">
<arg>${successful_login}</arg>
<doc>Waits until the element ``locator`` is visible.</doc>
<status status="PASS" starttime="20230717 16:03:49.099" endtime="20230717 16:03:49.584"/>
</kw>
<kw name="Click Element" library="SeleniumLibrary">
<arg>${skip_tour}</arg>
<doc>Click the element identified by ``locator``.</doc>
<msg timestamp="20230717 16:03:49.586" level="INFO">Clicking element '//button[text()="Skip"]'.</msg>
<status status="PASS" starttime="20230717 16:03:49.585" endtime="20230717 16:03:49.632"/>
</kw>
<status status="PASS" starttime="20230717 16:03:48.634" endtime="20230717 16:03:49.632"/>
</kw>
<kw name="Wait Until Page Contains Element" library="SeleniumLibrary">
<arg>//a[text()="P2P Trader"]</arg>
<doc>Waits until the element ``locator`` appears on the current page.</doc>
<status status="PASS" starttime="20230717 16:03:49.633" endtime="20230717 16:03:49.646"/>
</kw>
<kw name="Click Element" library="SeleniumLibrary">
<arg>//a[text()="P2P Trader"]</arg>
<doc>Click the element identified by ``locator``.</doc>
<msg timestamp="20230717 16:03:49.648" level="INFO">Clicking element '//a[text()="P2P Trader"]'.</msg>
<status status="PASS" starttime="20230717 16:03:49.647" endtime="20230717 16:03:49.915"/>
</kw>
<kw name="Sleep" library="BuiltIn">
<arg>1</arg>
<doc>Pauses the test executed for the given time.</doc>
<msg timestamp="20230717 16:03:50.917" level="INFO">Slept 1 second</msg>
<status status="PASS" starttime="20230717 16:03:49.916" endtime="20230717 16:03:50.917"/>
</kw>
<kw name="Wait Until Page Contains Element" library="SeleniumLibrary">
<arg>//div[text()="ETH"] | //p[text()="2"] | //button[text()="BUY"]</arg>
<doc>Waits until the element ``locator`` appears on the current page.</doc>
<status status="PASS" starttime="20230717 16:03:50.918" endtime="20230717 16:03:50.937"/>
</kw>
<kw name="Click Element" library="SeleniumLibrary">
<arg>//div[text()="ETH"] | //p[text()="2"] | //button[text()="BUY"]</arg>
<doc>Click the element identified by ``locator``.</doc>
<msg timestamp="20230717 16:03:50.938" level="INFO">Clicking element '//div[text()="ETH"] | //p[text()="2"] | //button[text()="BUY"]'.</msg>
<status status="PASS" starttime="20230717 16:03:50.937" endtime="20230717 16:03:50.979"/>
</kw>
<kw name="Sleep" library="BuiltIn">
<arg>1</arg>
<doc>Pauses the test executed for the given time.</doc>
<msg timestamp="20230717 16:03:51.980" level="INFO">Slept 1 second</msg>
<status status="PASS" starttime="20230717 16:03:50.980" endtime="20230717 16:03:51.981"/>
</kw>
<status status="PASS" starttime="20230717 16:03:46.547" endtime="20230717 16:03:51.982"/>
</test>
<doc>homepage</doc>
<status status="PASS" starttime="20230717 16:03:46.405" endtime="20230717 16:03:51.985"/>
</suite>
<statistics>
<total>
<stat pass="1" fail="0" skip="0">All Tests</stat>
</total>
<tag>
</tag>
<suite>
<stat pass="1" fail="0" skip="0" id="s1" name="Wallet">Wallet</stat>
</suite>
</statistics>
<errors>
</errors>
</robot>
